

Started GET "/" for 127.0.0.1 at 2013-12-14 12:02:15 -0500
Processing by Rails::WelcomeController#index as HTML
  Rendered /home/miha/.rvm/gems/ruby-2.0.0-p247/gems/railties-4.0.0/lib/rails/templates/rails/welcome/index.html.erb (1.9ms)
Completed 200 OK in 28ms (Views: 8.0ms | ActiveRecord: 0.0ms)


Started GET "/welcome/index" for 127.0.0.1 at 2013-12-14 12:06:02 -0500
Processing by WelcomeController#index as HTML
  Rendered welcome/index.html.erb within layouts/application (0.5ms)
Completed 200 OK in 1615ms (Views: 1613.5ms | ActiveRecord: 0.0ms)


Started GET "/assets/welcome.css?body=1" for 127.0.0.1 at 2013-12-14 12:06:03 -0500


Started GET "/assets/jquery_ujs.js?body=1" for 127.0.0.1 at 2013-12-14 12:06:03 -0500


Started GET "/assets/application.css?body=1" for 127.0.0.1 at 2013-12-14 12:06:03 -0500


Started GET "/assets/jquery.js?body=1" for 127.0.0.1 at 2013-12-14 12:06:03 -0500


Started GET "/assets/welcome.js?body=1" for 127.0.0.1 at 2013-12-14 12:06:03 -0500


Started GET "/assets/turbolinks.js?body=1" for 127.0.0.1 at 2013-12-14 12:06:03 -0500


Started GET "/assets/application.js?body=1" for 127.0.0.1 at 2013-12-14 12:06:03 -0500


Started GET "/welcome/index" for 127.0.0.1 at 2013-12-14 12:08:00 -0500
Processing by WelcomeController#index as HTML
  Rendered welcome/index.html.erb within layouts/application (0.9ms)
Completed 200 OK in 7ms (Views: 6.0ms | ActiveRecord: 0.0ms)


Started GET "/assets/application.css?body=1" for 127.0.0.1 at 2013-12-14 12:08:00 -0500


Started GET "/assets/welcome.css?body=1" for 127.0.0.1 at 2013-12-14 12:08:00 -0500


Started GET "/assets/welcome.js?body=1" for 127.0.0.1 at 2013-12-14 12:08:00 -0500


Started GET "/assets/jquery.js?body=1" for 127.0.0.1 at 2013-12-14 12:08:00 -0500


Started GET "/assets/turbolinks.js?body=1" for 127.0.0.1 at 2013-12-14 12:08:00 -0500


Started GET "/assets/jquery_ujs.js?body=1" for 127.0.0.1 at 2013-12-14 12:08:00 -0500


Started GET "/assets/application.js?body=1" for 127.0.0.1 at 2013-12-14 12:08:00 -0500


Started GET "/welcome/index" for 127.0.0.1 at 2013-12-14 12:08:27 -0500
Processing by WelcomeController#index as HTML
  Rendered welcome/index.html.erb within layouts/application (0.5ms)
Completed 200 OK in 6ms (Views: 5.0ms | ActiveRecord: 0.0ms)


Started GET "/assets/welcome.css?body=1" for 127.0.0.1 at 2013-12-14 12:08:27 -0500


Started GET "/assets/application.css?body=1" for 127.0.0.1 at 2013-12-14 12:08:27 -0500


Started GET "/assets/jquery.js?body=1" for 127.0.0.1 at 2013-12-14 12:08:27 -0500


Started GET "/assets/turbolinks.js?body=1" for 127.0.0.1 at 2013-12-14 12:08:27 -0500


Started GET "/assets/jquery_ujs.js?body=1" for 127.0.0.1 at 2013-12-14 12:08:27 -0500


Started GET "/assets/welcome.js?body=1" for 127.0.0.1 at 2013-12-14 12:08:27 -0500


Started GET "/assets/application.js?body=1" for 127.0.0.1 at 2013-12-14 12:08:27 -0500


Started GET "/posts/new" for 127.0.0.1 at 2013-12-14 12:18:38 -0500

ActionController::RoutingError (uninitialized constant PostsController):
  activesupport (4.0.0) lib/active_support/inflector/methods.rb:226:in `const_get'
  activesupport (4.0.0) lib/active_support/inflector/methods.rb:226:in `block in constantize'
  activesupport (4.0.0) lib/active_support/inflector/methods.rb:224:in `each'
  activesupport (4.0.0) lib/active_support/inflector/methods.rb:224:in `inject'
  activesupport (4.0.0) lib/active_support/inflector/methods.rb:224:in `constantize'
  actionpack (4.0.0) lib/action_dispatch/routing/route_set.rb:76:in `controller_reference'
  actionpack (4.0.0) lib/action_dispatch/routing/route_set.rb:66:in `controller'
  actionpack (4.0.0) lib/action_dispatch/routing/route_set.rb:44:in `call'
  actionpack (4.0.0) lib/action_dispatch/journey/router.rb:71:in `block in call'
  actionpack (4.0.0) lib/action_dispatch/journey/router.rb:59:in `each'
  actionpack (4.0.0) lib/action_dispatch/journey/router.rb:59:in `call'
  actionpack (4.0.0) lib/action_dispatch/routing/route_set.rb:655:in `call'
  rack (1.5.2) lib/rack/etag.rb:23:in `call'
  rack (1.5.2) lib/rack/conditionalget.rb:25:in `call'
  rack (1.5.2) lib/rack/head.rb:11:in `call'
  actionpack (4.0.0) lib/action_dispatch/middleware/params_parser.rb:27:in `call'
  actionpack (4.0.0) lib/action_dispatch/middleware/flash.rb:241:in `call'
  rack (1.5.2) lib/rack/session/abstract/id.rb:225:in `context'
  rack (1.5.2) lib/rack/session/abstract/id.rb:220:in `call'
  actionpack (4.0.0) lib/action_dispatch/middleware/cookies.rb:486:in `call'
  activerecord (4.0.0) lib/active_record/query_cache.rb:36:in `call'
  activerecord (4.0.0) lib/active_record/connection_adapters/abstract/connection_pool.rb:626:in `call'
  activerecord (4.0.0) lib/active_record/migration.rb:369:in `call'
  actionpack (4.0.0) lib/action_dispatch/middleware/callbacks.rb:29:in `block in call'
  activesupport (4.0.0) lib/active_support/callbacks.rb:373:in `_run__1985732149014118609__call__callbacks'
  activesupport (4.0.0) lib/active_support/callbacks.rb:80:in `run_callbacks'
  actionpack (4.0.0) lib/action_dispatch/middleware/callbacks.rb:27:in `call'
  actionpack (4.0.0) lib/action_dispatch/middleware/reloader.rb:64:in `call'
  actionpack (4.0.0) lib/action_dispatch/middleware/remote_ip.rb:76:in `call'
  actionpack (4.0.0) lib/action_dispatch/middleware/debug_exceptions.rb:17:in `call'
  actionpack (4.0.0) lib/action_dispatch/middleware/show_exceptions.rb:30:in `call'
  railties (4.0.0) lib/rails/rack/logger.rb:38:in `call_app'
  railties (4.0.0) lib/rails/rack/logger.rb:21:in `block in call'
  activesupport (4.0.0) lib/active_support/tagged_logging.rb:67:in `block in tagged'
  activesupport (4.0.0) lib/active_support/tagged_logging.rb:25:in `tagged'
  activesupport (4.0.0) lib/active_support/tagged_logging.rb:67:in `tagged'
  railties (4.0.0) lib/rails/rack/logger.rb:21:in `call'
  actionpack (4.0.0) lib/action_dispatch/middleware/request_id.rb:21:in `call'
  rack (1.5.2) lib/rack/methodoverride.rb:21:in `call'
  rack (1.5.2) lib/rack/runtime.rb:17:in `call'
  activesupport (4.0.0) lib/active_support/cache/strategy/local_cache.rb:83:in `call'
  rack (1.5.2) lib/rack/lock.rb:17:in `call'
  actionpack (4.0.0) lib/action_dispatch/middleware/static.rb:64:in `call'
  railties (4.0.0) lib/rails/engine.rb:511:in `call'
  railties (4.0.0) lib/rails/application.rb:97:in `call'
  rack (1.5.2) lib/rack/lock.rb:17:in `call'
  rack (1.5.2) lib/rack/content_length.rb:14:in `call'
  rack (1.5.2) lib/rack/handler/webrick.rb:60:in `service'
  /home/miha/.rvm/rubies/ruby-2.0.0-p247/lib/ruby/2.0.0/webrick/httpserver.rb:138:in `service'
  /home/miha/.rvm/rubies/ruby-2.0.0-p247/lib/ruby/2.0.0/webrick/httpserver.rb:94:in `run'
  /home/miha/.rvm/rubies/ruby-2.0.0-p247/lib/ruby/2.0.0/webrick/server.rb:295:in `block in start_thread'


  Rendered /home/miha/.rvm/gems/ruby-2.0.0-p247/gems/actionpack-4.0.0/lib/action_dispatch/middleware/templates/rescues/_trace.erb (2.4ms)
  Rendered /home/miha/.rvm/gems/ruby-2.0.0-p247/gems/actionpack-4.0.0/lib/action_dispatch/middleware/templates/routes/_route.html.erb (2.2ms)
  Rendered /home/miha/.rvm/gems/ruby-2.0.0-p247/gems/actionpack-4.0.0/lib/action_dispatch/middleware/templates/routes/_table.html.erb (124.0ms)
  Rendered /home/miha/.rvm/gems/ruby-2.0.0-p247/gems/actionpack-4.0.0/lib/action_dispatch/middleware/templates/rescues/routing_error.erb within rescues/layout (578.2ms)


Started GET "/posts/new" for 127.0.0.1 at 2013-12-14 12:22:29 -0500

AbstractController::ActionNotFound (The action 'new' could not be found for PostsController):
  actionpack (4.0.0) lib/abstract_controller/base.rb:131:in `process'
  actionpack (4.0.0) lib/abstract_controller/rendering.rb:44:in `process'
  actionpack (4.0.0) lib/action_controller/metal.rb:195:in `dispatch'
  actionpack (4.0.0) lib/action_controller/metal/rack_delegation.rb:13:in `dispatch'
  actionpack (4.0.0) lib/action_controller/metal.rb:231:in `block in action'
  actionpack (4.0.0) lib/action_dispatch/routing/route_set.rb:80:in `call'
  actionpack (4.0.0) lib/action_dispatch/routing/route_set.rb:80:in `dispatch'
  actionpack (4.0.0) lib/action_dispatch/routing/route_set.rb:48:in `call'
  actionpack (4.0.0) lib/action_dispatch/journey/router.rb:71:in `block in call'
  actionpack (4.0.0) lib/action_dispatch/journey/router.rb:59:in `each'
  actionpack (4.0.0) lib/action_dispatch/journey/router.rb:59:in `call'
  actionpack (4.0.0) lib/action_dispatch/routing/route_set.rb:655:in `call'
  rack (1.5.2) lib/rack/etag.rb:23:in `call'
  rack (1.5.2) lib/rack/conditionalget.rb:25:in `call'
  rack (1.5.2) lib/rack/head.rb:11:in `call'
  actionpack (4.0.0) lib/action_dispatch/middleware/params_parser.rb:27:in `call'
  actionpack (4.0.0) lib/action_dispatch/middleware/flash.rb:241:in `call'
  rack (1.5.2) lib/rack/session/abstract/id.rb:225:in `context'
  rack (1.5.2) lib/rack/session/abstract/id.rb:220:in `call'
  actionpack (4.0.0) lib/action_dispatch/middleware/cookies.rb:486:in `call'
  activerecord (4.0.0) lib/active_record/query_cache.rb:36:in `call'
  activerecord (4.0.0) lib/active_record/connection_adapters/abstract/connection_pool.rb:626:in `call'
  activerecord (4.0.0) lib/active_record/migration.rb:369:in `call'
  actionpack (4.0.0) lib/action_dispatch/middleware/callbacks.rb:29:in `block in call'
  activesupport (4.0.0) lib/active_support/callbacks.rb:373:in `_run__1985732149014118609__call__callbacks'
  activesupport (4.0.0) lib/active_support/callbacks.rb:80:in `run_callbacks'
  actionpack (4.0.0) lib/action_dispatch/middleware/callbacks.rb:27:in `call'
  actionpack (4.0.0) lib/action_dispatch/middleware/reloader.rb:64:in `call'
  actionpack (4.0.0) lib/action_dispatch/middleware/remote_ip.rb:76:in `call'
  actionpack (4.0.0) lib/action_dispatch/middleware/debug_exceptions.rb:17:in `call'
  actionpack (4.0.0) lib/action_dispatch/middleware/show_exceptions.rb:30:in `call'
  railties (4.0.0) lib/rails/rack/logger.rb:38:in `call_app'
  railties (4.0.0) lib/rails/rack/logger.rb:21:in `block in call'
  activesupport (4.0.0) lib/active_support/tagged_logging.rb:67:in `block in tagged'
  activesupport (4.0.0) lib/active_support/tagged_logging.rb:25:in `tagged'
  activesupport (4.0.0) lib/active_support/tagged_logging.rb:67:in `tagged'
  railties (4.0.0) lib/rails/rack/logger.rb:21:in `call'
  actionpack (4.0.0) lib/action_dispatch/middleware/request_id.rb:21:in `call'
  rack (1.5.2) lib/rack/methodoverride.rb:21:in `call'
  rack (1.5.2) lib/rack/runtime.rb:17:in `call'
  activesupport (4.0.0) lib/active_support/cache/strategy/local_cache.rb:83:in `call'
  rack (1.5.2) lib/rack/lock.rb:17:in `call'
  actionpack (4.0.0) lib/action_dispatch/middleware/static.rb:64:in `call'
  railties (4.0.0) lib/rails/engine.rb:511:in `call'
  railties (4.0.0) lib/rails/application.rb:97:in `call'
  rack (1.5.2) lib/rack/lock.rb:17:in `call'
  rack (1.5.2) lib/rack/content_length.rb:14:in `call'
  rack (1.5.2) lib/rack/handler/webrick.rb:60:in `service'
  /home/miha/.rvm/rubies/ruby-2.0.0-p247/lib/ruby/2.0.0/webrick/httpserver.rb:138:in `service'
  /home/miha/.rvm/rubies/ruby-2.0.0-p247/lib/ruby/2.0.0/webrick/httpserver.rb:94:in `run'
  /home/miha/.rvm/rubies/ruby-2.0.0-p247/lib/ruby/2.0.0/webrick/server.rb:295:in `block in start_thread'


  Rendered /home/miha/.rvm/gems/ruby-2.0.0-p247/gems/actionpack-4.0.0/lib/action_dispatch/middleware/templates/rescues/unknown_action.erb within rescues/layout (1.2ms)


Started GET "/posts/new" for 127.0.0.1 at 2013-12-14 12:24:13 -0500
Processing by PostsController#new as HTML
Completed 500 Internal Server Error in 2ms

ActionView::MissingTemplate (Missing template posts/new, application/new with {:locale=>[:en], :formats=>[:html], :handlers=>[:erb, :builder, :raw, :ruby, :jbuilder, :coffee]}. Searched in:
  * "/home/miha/tequilaproject/app/views"
):
  actionpack (4.0.0) lib/action_view/path_set.rb:46:in `find'
  actionpack (4.0.0) lib/action_view/lookup_context.rb:115:in `find'
  actionpack (4.0.0) lib/action_view/renderer/abstract_renderer.rb:18:in `find_template'
  actionpack (4.0.0) lib/action_view/renderer/template_renderer.rb:35:in `determine_template'
  actionpack (4.0.0) lib/action_view/renderer/template_renderer.rb:8:in `render'
  actionpack (4.0.0) lib/action_view/renderer/renderer.rb:42:in `render_template'
  actionpack (4.0.0) lib/action_view/renderer/renderer.rb:23:in `render'
  actionpack (4.0.0) lib/abstract_controller/rendering.rb:127:in `_render_template'
  actionpack (4.0.0) lib/action_controller/metal/streaming.rb:219:in `_render_template'
  actionpack (4.0.0) lib/abstract_controller/rendering.rb:120:in `render_to_body'
  actionpack (4.0.0) lib/action_controller/metal/rendering.rb:33:in `render_to_body'
  actionpack (4.0.0) lib/action_controller/metal/renderers.rb:26:in `render_to_body'
  actionpack (4.0.0) lib/abstract_controller/rendering.rb:97:in `render'
  actionpack (4.0.0) lib/action_controller/metal/rendering.rb:16:in `render'
  actionpack (4.0.0) lib/action_controller/metal/instrumentation.rb:41:in `block (2 levels) in render'
  activesupport (4.0.0) lib/active_support/core_ext/benchmark.rb:12:in `block in ms'
  /home/miha/.rvm/rubies/ruby-2.0.0-p247/lib/ruby/2.0.0/benchmark.rb:296:in `realtime'
  activesupport (4.0.0) lib/active_support/core_ext/benchmark.rb:12:in `ms'
  actionpack (4.0.0) lib/action_controller/metal/instrumentation.rb:41:in `block in render'
  actionpack (4.0.0) lib/action_controller/metal/instrumentation.rb:84:in `cleanup_view_runtime'
  activerecord (4.0.0) lib/active_record/railties/controller_runtime.rb:25:in `cleanup_view_runtime'
  actionpack (4.0.0) lib/action_controller/metal/instrumentation.rb:40:in `render'
  actionpack (4.0.0) lib/action_controller/metal/implicit_render.rb:10:in `default_render'
  actionpack (4.0.0) lib/action_controller/metal/implicit_render.rb:5:in `send_action'
  actionpack (4.0.0) lib/abstract_controller/base.rb:189:in `process_action'
  actionpack (4.0.0) lib/action_controller/metal/rendering.rb:10:in `process_action'
  actionpack (4.0.0) lib/abstract_controller/callbacks.rb:18:in `block in process_action'
  activesupport (4.0.0) lib/active_support/callbacks.rb:403:in `_run__227371824381615867__process_action__callbacks'
  activesupport (4.0.0) lib/active_support/callbacks.rb:80:in `run_callbacks'
  actionpack (4.0.0) lib/abstract_controller/callbacks.rb:17:in `process_action'
  actionpack (4.0.0) lib/action_controller/metal/rescue.rb:29:in `process_action'
  actionpack (4.0.0) lib/action_controller/metal/instrumentation.rb:31:in `block in process_action'
  activesupport (4.0.0) lib/active_support/notifications.rb:159:in `block in instrument'
  activesupport (4.0.0) lib/active_support/notifications/instrumenter.rb:20:in `instrument'
  activesupport (4.0.0) lib/active_support/notifications.rb:159:in `instrument'
  actionpack (4.0.0) lib/action_controller/metal/instrumentation.rb:30:in `process_action'
  actionpack (4.0.0) lib/action_controller/metal/params_wrapper.rb:245:in `process_action'
  activerecord (4.0.0) lib/active_record/railties/controller_runtime.rb:18:in `process_action'
  actionpack (4.0.0) lib/abstract_controller/base.rb:136:in `process'
  actionpack (4.0.0) lib/abstract_controller/rendering.rb:44:in `process'
  actionpack (4.0.0) lib/action_controller/metal.rb:195:in `dispatch'
  actionpack (4.0.0) lib/action_controller/metal/rack_delegation.rb:13:in `dispatch'
  actionpack (4.0.0) lib/action_controller/metal.rb:231:in `block in action'
  actionpack (4.0.0) lib/action_dispatch/routing/route_set.rb:80:in `call'
  actionpack (4.0.0) lib/action_dispatch/routing/route_set.rb:80:in `dispatch'
  actionpack (4.0.0) lib/action_dispatch/routing/route_set.rb:48:in `call'
  actionpack (4.0.0) lib/action_dispatch/journey/router.rb:71:in `block in call'
  actionpack (4.0.0) lib/action_dispatch/journey/router.rb:59:in `each'
  actionpack (4.0.0) lib/action_dispatch/journey/router.rb:59:in `call'
  actionpack (4.0.0) lib/action_dispatch/routing/route_set.rb:655:in `call'
  rack (1.5.2) lib/rack/etag.rb:23:in `call'
  rack (1.5.2) lib/rack/conditionalget.rb:25:in `call'
  rack (1.5.2) lib/rack/head.rb:11:in `call'
  actionpack (4.0.0) lib/action_dispatch/middleware/params_parser.rb:27:in `call'
  actionpack (4.0.0) lib/action_dispatch/middleware/flash.rb:241:in `call'
  rack (1.5.2) lib/rack/session/abstract/id.rb:225:in `context'
  rack (1.5.2) lib/rack/session/abstract/id.rb:220:in `call'
  actionpack (4.0.0) lib/action_dispatch/middleware/cookies.rb:486:in `call'
  activerecord (4.0.0) lib/active_record/query_cache.rb:36:in `call'
  activerecord (4.0.0) lib/active_record/connection_adapters/abstract/connection_pool.rb:626:in `call'
  activerecord (4.0.0) lib/active_record/migration.rb:369:in `call'
  actionpack (4.0.0) lib/action_dispatch/middleware/callbacks.rb:29:in `block in call'
  activesupport (4.0.0) lib/active_support/callbacks.rb:373:in `_run__1985732149014118609__call__callbacks'
  activesupport (4.0.0) lib/active_support/callbacks.rb:80:in `run_callbacks'
  actionpack (4.0.0) lib/action_dispatch/middleware/callbacks.rb:27:in `call'
  actionpack (4.0.0) lib/action_dispatch/middleware/reloader.rb:64:in `call'
  actionpack (4.0.0) lib/action_dispatch/middleware/remote_ip.rb:76:in `call'
  actionpack (4.0.0) lib/action_dispatch/middleware/debug_exceptions.rb:17:in `call'
  actionpack (4.0.0) lib/action_dispatch/middleware/show_exceptions.rb:30:in `call'
  railties (4.0.0) lib/rails/rack/logger.rb:38:in `call_app'
  railties (4.0.0) lib/rails/rack/logger.rb:21:in `block in call'
  activesupport (4.0.0) lib/active_support/tagged_logging.rb:67:in `block in tagged'
  activesupport (4.0.0) lib/active_support/tagged_logging.rb:25:in `tagged'
  activesupport (4.0.0) lib/active_support/tagged_logging.rb:67:in `tagged'
  railties (4.0.0) lib/rails/rack/logger.rb:21:in `call'
  actionpack (4.0.0) lib/action_dispatch/middleware/request_id.rb:21:in `call'
  rack (1.5.2) lib/rack/methodoverride.rb:21:in `call'
  rack (1.5.2) lib/rack/runtime.rb:17:in `call'
  activesupport (4.0.0) lib/active_support/cache/strategy/local_cache.rb:83:in `call'
  rack (1.5.2) lib/rack/lock.rb:17:in `call'
  actionpack (4.0.0) lib/action_dispatch/middleware/static.rb:64:in `call'
  railties (4.0.0) lib/rails/engine.rb:511:in `call'
  railties (4.0.0) lib/rails/application.rb:97:in `call'
  rack (1.5.2) lib/rack/lock.rb:17:in `call'
  rack (1.5.2) lib/rack/content_length.rb:14:in `call'
  rack (1.5.2) lib/rack/handler/webrick.rb:60:in `service'
  /home/miha/.rvm/rubies/ruby-2.0.0-p247/lib/ruby/2.0.0/webrick/httpserver.rb:138:in `service'
  /home/miha/.rvm/rubies/ruby-2.0.0-p247/lib/ruby/2.0.0/webrick/httpserver.rb:94:in `run'
  /home/miha/.rvm/rubies/ruby-2.0.0-p247/lib/ruby/2.0.0/webrick/server.rb:295:in `block in start_thread'


  Rendered /home/miha/.rvm/gems/ruby-2.0.0-p247/gems/actionpack-4.0.0/lib/action_dispatch/middleware/templates/rescues/missing_template.erb within rescues/layout (0.6ms)


Started GET "/posts/new" for 127.0.0.1 at 2013-12-14 12:30:49 -0500
Processing by PostsController#new as HTML
  Rendered posts/new.html.erb within layouts/application (17.1ms)
Completed 200 OK in 254ms (Views: 252.8ms | ActiveRecord: 0.0ms)


Started GET "/assets/posts.css?body=1" for 127.0.0.1 at 2013-12-14 12:30:50 -0500


Started GET "/assets/posts.js?body=1" for 127.0.0.1 at 2013-12-14 12:30:50 -0500


Started GET "/assets/welcome.css?body=1" for 127.0.0.1 at 2013-12-14 12:30:50 -0500


Started GET "/assets/application.css?body=1" for 127.0.0.1 at 2013-12-14 12:30:50 -0500


Started GET "/assets/jquery_ujs.js?body=1" for 127.0.0.1 at 2013-12-14 12:30:50 -0500


Started GET "/assets/jquery.js?body=1" for 127.0.0.1 at 2013-12-14 12:30:50 -0500


Started GET "/assets/welcome.js?body=1" for 127.0.0.1 at 2013-12-14 12:30:50 -0500


Started GET "/assets/turbolinks.js?body=1" for 127.0.0.1 at 2013-12-14 12:30:50 -0500


Started GET "/assets/application.js?body=1" for 127.0.0.1 at 2013-12-14 12:30:50 -0500


Started GET "/posts/new" for 127.0.0.1 at 2013-12-14 12:33:07 -0500
Processing by PostsController#new as HTML
  Rendered posts/new.html.erb within layouts/application (2.6ms)
Completed 200 OK in 8ms (Views: 7.5ms | ActiveRecord: 0.0ms)


Started GET "/assets/application.css?body=1" for 127.0.0.1 at 2013-12-14 12:33:07 -0500


Started GET "/assets/jquery.js?body=1" for 127.0.0.1 at 2013-12-14 12:33:07 -0500


Started GET "/assets/jquery_ujs.js?body=1" for 127.0.0.1 at 2013-12-14 12:33:07 -0500


Started GET "/assets/welcome.css?body=1" for 127.0.0.1 at 2013-12-14 12:33:07 -0500


Started GET "/assets/turbolinks.js?body=1" for 127.0.0.1 at 2013-12-14 12:33:07 -0500


Started GET "/assets/posts.css?body=1" for 127.0.0.1 at 2013-12-14 12:33:07 -0500


Started GET "/assets/posts.js?body=1" for 127.0.0.1 at 2013-12-14 12:33:07 -0500


Started GET "/assets/welcome.js?body=1" for 127.0.0.1 at 2013-12-14 12:33:07 -0500


Started GET "/assets/application.js?body=1" for 127.0.0.1 at 2013-12-14 12:33:07 -0500


Started POST "/posts" for 127.0.0.1 at 2013-12-14 12:34:24 -0500
Processing by PostsController#create as HTML
  Parameters: {"utf8"=>"✓", "authenticity_token"=>"q7WjmSoOhkXSAsSpdTHTgEeYmDlZI9zvNhHwgyfhGhY=", "post"=>{"title"=>"", "url"=>"", "description"=>""}, "commit"=>"Save Post"}
Completed 500 Internal Server Error in 2ms

ActionView::MissingTemplate (Missing template posts/create, application/create with {:locale=>[:en], :formats=>[:html], :handlers=>[:erb, :builder, :raw, :ruby, :jbuilder, :coffee]}. Searched in:
  * "/home/miha/tequilaproject/app/views"
):
  actionpack (4.0.0) lib/action_view/path_set.rb:46:in `find'
  actionpack (4.0.0) lib/action_view/lookup_context.rb:115:in `find'
  actionpack (4.0.0) lib/action_view/renderer/abstract_renderer.rb:18:in `find_template'
  actionpack (4.0.0) lib/action_view/renderer/template_renderer.rb:35:in `determine_template'
  actionpack (4.0.0) lib/action_view/renderer/template_renderer.rb:8:in `render'
  actionpack (4.0.0) lib/action_view/renderer/renderer.rb:42:in `render_template'
  actionpack (4.0.0) lib/action_view/renderer/renderer.rb:23:in `render'
  actionpack (4.0.0) lib/abstract_controller/rendering.rb:127:in `_render_template'
  actionpack (4.0.0) lib/action_controller/metal/streaming.rb:219:in `_render_template'
  actionpack (4.0.0) lib/abstract_controller/rendering.rb:120:in `render_to_body'
  actionpack (4.0.0) lib/action_controller/metal/rendering.rb:33:in `render_to_body'
  actionpack (4.0.0) lib/action_controller/metal/renderers.rb:26:in `render_to_body'
  actionpack (4.0.0) lib/abstract_controller/rendering.rb:97:in `render'
  actionpack (4.0.0) lib/action_controller/metal/rendering.rb:16:in `render'
  actionpack (4.0.0) lib/action_controller/metal/instrumentation.rb:41:in `block (2 levels) in render'
  activesupport (4.0.0) lib/active_support/core_ext/benchmark.rb:12:in `block in ms'
  /home/miha/.rvm/rubies/ruby-2.0.0-p247/lib/ruby/2.0.0/benchmark.rb:296:in `realtime'
  activesupport (4.0.0) lib/active_support/core_ext/benchmark.rb:12:in `ms'
  actionpack (4.0.0) lib/action_controller/metal/instrumentation.rb:41:in `block in render'
  actionpack (4.0.0) lib/action_controller/metal/instrumentation.rb:84:in `cleanup_view_runtime'
  activerecord (4.0.0) lib/active_record/railties/controller_runtime.rb:25:in `cleanup_view_runtime'
  actionpack (4.0.0) lib/action_controller/metal/instrumentation.rb:40:in `render'
  actionpack (4.0.0) lib/action_controller/metal/implicit_render.rb:10:in `default_render'
  actionpack (4.0.0) lib/action_controller/metal/implicit_render.rb:5:in `send_action'
  actionpack (4.0.0) lib/abstract_controller/base.rb:189:in `process_action'
  actionpack (4.0.0) lib/action_controller/metal/rendering.rb:10:in `process_action'
  actionpack (4.0.0) lib/abstract_controller/callbacks.rb:18:in `block in process_action'
  activesupport (4.0.0) lib/active_support/callbacks.rb:403:in `_run__227371824381615867__process_action__callbacks'
  activesupport (4.0.0) lib/active_support/callbacks.rb:80:in `run_callbacks'
  actionpack (4.0.0) lib/abstract_controller/callbacks.rb:17:in `process_action'
  actionpack (4.0.0) lib/action_controller/metal/rescue.rb:29:in `process_action'
  actionpack (4.0.0) lib/action_controller/metal/instrumentation.rb:31:in `block in process_action'
  activesupport (4.0.0) lib/active_support/notifications.rb:159:in `block in instrument'
  activesupport (4.0.0) lib/active_support/notifications/instrumenter.rb:20:in `instrument'
  activesupport (4.0.0) lib/active_support/notifications.rb:159:in `instrument'
  actionpack (4.0.0) lib/action_controller/metal/instrumentation.rb:30:in `process_action'
  actionpack (4.0.0) lib/action_controller/metal/params_wrapper.rb:245:in `process_action'
  activerecord (4.0.0) lib/active_record/railties/controller_runtime.rb:18:in `process_action'
  actionpack (4.0.0) lib/abstract_controller/base.rb:136:in `process'
  actionpack (4.0.0) lib/abstract_controller/rendering.rb:44:in `process'
  actionpack (4.0.0) lib/action_controller/metal.rb:195:in `dispatch'
  actionpack (4.0.0) lib/action_controller/metal/rack_delegation.rb:13:in `dispatch'
  actionpack (4.0.0) lib/action_controller/metal.rb:231:in `block in action'
  actionpack (4.0.0) lib/action_dispatch/routing/route_set.rb:80:in `call'
  actionpack (4.0.0) lib/action_dispatch/routing/route_set.rb:80:in `dispatch'
  actionpack (4.0.0) lib/action_dispatch/routing/route_set.rb:48:in `call'
  actionpack (4.0.0) lib/action_dispatch/journey/router.rb:71:in `block in call'
  actionpack (4.0.0) lib/action_dispatch/journey/router.rb:59:in `each'
  actionpack (4.0.0) lib/action_dispatch/journey/router.rb:59:in `call'
  actionpack (4.0.0) lib/action_dispatch/routing/route_set.rb:655:in `call'
  rack (1.5.2) lib/rack/etag.rb:23:in `call'
  rack (1.5.2) lib/rack/conditionalget.rb:35:in `call'
  rack (1.5.2) lib/rack/head.rb:11:in `call'
  actionpack (4.0.0) lib/action_dispatch/middleware/params_parser.rb:27:in `call'
  actionpack (4.0.0) lib/action_dispatch/middleware/flash.rb:241:in `call'
  rack (1.5.2) lib/rack/session/abstract/id.rb:225:in `context'
  rack (1.5.2) lib/rack/session/abstract/id.rb:220:in `call'
  actionpack (4.0.0) lib/action_dispatch/middleware/cookies.rb:486:in `call'
  activerecord (4.0.0) lib/active_record/query_cache.rb:36:in `call'
  activerecord (4.0.0) lib/active_record/connection_adapters/abstract/connection_pool.rb:626:in `call'
  activerecord (4.0.0) lib/active_record/migration.rb:369:in `call'
  actionpack (4.0.0) lib/action_dispatch/middleware/callbacks.rb:29:in `block in call'
  activesupport (4.0.0) lib/active_support/callbacks.rb:373:in `_run__1985732149014118609__call__callbacks'
  activesupport (4.0.0) lib/active_support/callbacks.rb:80:in `run_callbacks'
  actionpack (4.0.0) lib/action_dispatch/middleware/callbacks.rb:27:in `call'
  actionpack (4.0.0) lib/action_dispatch/middleware/reloader.rb:64:in `call'
  actionpack (4.0.0) lib/action_dispatch/middleware/remote_ip.rb:76:in `call'
  actionpack (4.0.0) lib/action_dispatch/middleware/debug_exceptions.rb:17:in `call'
  actionpack (4.0.0) lib/action_dispatch/middleware/show_exceptions.rb:30:in `call'
  railties (4.0.0) lib/rails/rack/logger.rb:38:in `call_app'
  railties (4.0.0) lib/rails/rack/logger.rb:21:in `block in call'
  activesupport (4.0.0) lib/active_support/tagged_logging.rb:67:in `block in tagged'
  activesupport (4.0.0) lib/active_support/tagged_logging.rb:25:in `tagged'
  activesupport (4.0.0) lib/active_support/tagged_logging.rb:67:in `tagged'
  railties (4.0.0) lib/rails/rack/logger.rb:21:in `call'
  actionpack (4.0.0) lib/action_dispatch/middleware/request_id.rb:21:in `call'
  rack (1.5.2) lib/rack/methodoverride.rb:21:in `call'
  rack (1.5.2) lib/rack/runtime.rb:17:in `call'
  activesupport (4.0.0) lib/active_support/cache/strategy/local_cache.rb:83:in `call'
  rack (1.5.2) lib/rack/lock.rb:17:in `call'
  actionpack (4.0.0) lib/action_dispatch/middleware/static.rb:64:in `call'
  railties (4.0.0) lib/rails/engine.rb:511:in `call'
  railties (4.0.0) lib/rails/application.rb:97:in `call'
  rack (1.5.2) lib/rack/lock.rb:17:in `call'
  rack (1.5.2) lib/rack/content_length.rb:14:in `call'
  rack (1.5.2) lib/rack/handler/webrick.rb:60:in `service'
  /home/miha/.rvm/rubies/ruby-2.0.0-p247/lib/ruby/2.0.0/webrick/httpserver.rb:138:in `service'
  /home/miha/.rvm/rubies/ruby-2.0.0-p247/lib/ruby/2.0.0/webrick/httpserver.rb:94:in `run'
  /home/miha/.rvm/rubies/ruby-2.0.0-p247/lib/ruby/2.0.0/webrick/server.rb:295:in `block in start_thread'


  Rendered /home/miha/.rvm/gems/ruby-2.0.0-p247/gems/actionpack-4.0.0/lib/action_dispatch/middleware/templates/rescues/missing_template.erb within rescues/layout (0.6ms)


Started GET "/posts/create" for 127.0.0.1 at 2013-12-14 12:34:31 -0500

AbstractController::ActionNotFound (The action 'show' could not be found for PostsController):
  actionpack (4.0.0) lib/abstract_controller/base.rb:131:in `process'
  actionpack (4.0.0) lib/abstract_controller/rendering.rb:44:in `process'
  actionpack (4.0.0) lib/action_controller/metal.rb:195:in `dispatch'
  actionpack (4.0.0) lib/action_controller/metal/rack_delegation.rb:13:in `dispatch'
  actionpack (4.0.0) lib/action_controller/metal.rb:231:in `block in action'
  actionpack (4.0.0) lib/action_dispatch/routing/route_set.rb:80:in `call'
  actionpack (4.0.0) lib/action_dispatch/routing/route_set.rb:80:in `dispatch'
  actionpack (4.0.0) lib/action_dispatch/routing/route_set.rb:48:in `call'
  actionpack (4.0.0) lib/action_dispatch/journey/router.rb:71:in `block in call'
  actionpack (4.0.0) lib/action_dispatch/journey/router.rb:59:in `each'
  actionpack (4.0.0) lib/action_dispatch/journey/router.rb:59:in `call'
  actionpack (4.0.0) lib/action_dispatch/routing/route_set.rb:655:in `call'
  rack (1.5.2) lib/rack/etag.rb:23:in `call'
  rack (1.5.2) lib/rack/conditionalget.rb:25:in `call'
  rack (1.5.2) lib/rack/head.rb:11:in `call'
  actionpack (4.0.0) lib/action_dispatch/middleware/params_parser.rb:27:in `call'
  actionpack (4.0.0) lib/action_dispatch/middleware/flash.rb:241:in `call'
  rack (1.5.2) lib/rack/session/abstract/id.rb:225:in `context'
  rack (1.5.2) lib/rack/session/abstract/id.rb:220:in `call'
  actionpack (4.0.0) lib/action_dispatch/middleware/cookies.rb:486:in `call'
  activerecord (4.0.0) lib/active_record/query_cache.rb:36:in `call'
  activerecord (4.0.0) lib/active_record/connection_adapters/abstract/connection_pool.rb:626:in `call'
  activerecord (4.0.0) lib/active_record/migration.rb:369:in `call'
  actionpack (4.0.0) lib/action_dispatch/middleware/callbacks.rb:29:in `block in call'
  activesupport (4.0.0) lib/active_support/callbacks.rb:373:in `_run__1985732149014118609__call__callbacks'
  activesupport (4.0.0) lib/active_support/callbacks.rb:80:in `run_callbacks'
  actionpack (4.0.0) lib/action_dispatch/middleware/callbacks.rb:27:in `call'
  actionpack (4.0.0) lib/action_dispatch/middleware/reloader.rb:64:in `call'
  actionpack (4.0.0) lib/action_dispatch/middleware/remote_ip.rb:76:in `call'
  actionpack (4.0.0) lib/action_dispatch/middleware/debug_exceptions.rb:17:in `call'
  actionpack (4.0.0) lib/action_dispatch/middleware/show_exceptions.rb:30:in `call'
  railties (4.0.0) lib/rails/rack/logger.rb:38:in `call_app'
  railties (4.0.0) lib/rails/rack/logger.rb:21:in `block in call'
  activesupport (4.0.0) lib/active_support/tagged_logging.rb:67:in `block in tagged'
  activesupport (4.0.0) lib/active_support/tagged_logging.rb:25:in `tagged'
  activesupport (4.0.0) lib/active_support/tagged_logging.rb:67:in `tagged'
  railties (4.0.0) lib/rails/rack/logger.rb:21:in `call'
  actionpack (4.0.0) lib/action_dispatch/middleware/request_id.rb:21:in `call'
  rack (1.5.2) lib/rack/methodoverride.rb:21:in `call'
  rack (1.5.2) lib/rack/runtime.rb:17:in `call'
  activesupport (4.0.0) lib/active_support/cache/strategy/local_cache.rb:83:in `call'
  rack (1.5.2) lib/rack/lock.rb:17:in `call'
  actionpack (4.0.0) lib/action_dispatch/middleware/static.rb:64:in `call'
  railties (4.0.0) lib/rails/engine.rb:511:in `call'
  railties (4.0.0) lib/rails/application.rb:97:in `call'
  rack (1.5.2) lib/rack/lock.rb:17:in `call'
  rack (1.5.2) lib/rack/content_length.rb:14:in `call'
  rack (1.5.2) lib/rack/handler/webrick.rb:60:in `service'
  /home/miha/.rvm/rubies/ruby-2.0.0-p247/lib/ruby/2.0.0/webrick/httpserver.rb:138:in `service'
  /home/miha/.rvm/rubies/ruby-2.0.0-p247/lib/ruby/2.0.0/webrick/httpserver.rb:94:in `run'
  /home/miha/.rvm/rubies/ruby-2.0.0-p247/lib/ruby/2.0.0/webrick/server.rb:295:in `block in start_thread'


  Rendered /home/miha/.rvm/gems/ruby-2.0.0-p247/gems/actionpack-4.0.0/lib/action_dispatch/middleware/templates/rescues/unknown_action.erb within rescues/layout (0.7ms)


Started GET "/posts/new" for 127.0.0.1 at 2013-12-14 12:34:57 -0500
Processing by PostsController#new as HTML
  Rendered posts/new.html.erb within layouts/application (1.8ms)
Completed 200 OK in 8ms (Views: 7.0ms | ActiveRecord: 0.0ms)


Started GET "/assets/application.css?body=1" for 127.0.0.1 at 2013-12-14 12:34:57 -0500


Started GET "/assets/turbolinks.js?body=1" for 127.0.0.1 at 2013-12-14 12:34:57 -0500


Started GET "/assets/welcome.css?body=1" for 127.0.0.1 at 2013-12-14 12:34:57 -0500


Started GET "/assets/jquery_ujs.js?body=1" for 127.0.0.1 at 2013-12-14 12:34:57 -0500


Started GET "/assets/jquery.js?body=1" for 127.0.0.1 at 2013-12-14 12:34:57 -0500


Started GET "/assets/posts.css?body=1" for 127.0.0.1 at 2013-12-14 12:34:57 -0500


Started GET "/assets/posts.js?body=1" for 127.0.0.1 at 2013-12-14 12:34:57 -0500


Started GET "/assets/welcome.js?body=1" for 127.0.0.1 at 2013-12-14 12:34:57 -0500


Started GET "/assets/application.js?body=1" for 127.0.0.1 at 2013-12-14 12:34:57 -0500


Started POST "/posts" for 127.0.0.1 at 2013-12-14 12:35:06 -0500
Processing by PostsController#create as HTML
  Parameters: {"utf8"=>"✓", "authenticity_token"=>"q7WjmSoOhkXSAsSpdTHTgEeYmDlZI9zvNhHwgyfhGhY=", "post"=>{"title"=>"th", "url"=>"", "description"=>""}, "commit"=>"Save Post"}
Completed 500 Internal Server Error in 2ms

ActionView::MissingTemplate (Missing template posts/create, application/create with {:locale=>[:en], :formats=>[:html], :handlers=>[:erb, :builder, :raw, :ruby, :jbuilder, :coffee]}. Searched in:
  * "/home/miha/tequilaproject/app/views"
):
  actionpack (4.0.0) lib/action_view/path_set.rb:46:in `find'
  actionpack (4.0.0) lib/action_view/lookup_context.rb:115:in `find'
  actionpack (4.0.0) lib/action_view/renderer/abstract_renderer.rb:18:in `find_template'
  actionpack (4.0.0) lib/action_view/renderer/template_renderer.rb:35:in `determine_template'
  actionpack (4.0.0) lib/action_view/renderer/template_renderer.rb:8:in `render'
  actionpack (4.0.0) lib/action_view/renderer/renderer.rb:42:in `render_template'
  actionpack (4.0.0) lib/action_view/renderer/renderer.rb:23:in `render'
  actionpack (4.0.0) lib/abstract_controller/rendering.rb:127:in `_render_template'
  actionpack (4.0.0) lib/action_controller/metal/streaming.rb:219:in `_render_template'
  actionpack (4.0.0) lib/abstract_controller/rendering.rb:120:in `render_to_body'
  actionpack (4.0.0) lib/action_controller/metal/rendering.rb:33:in `render_to_body'
  actionpack (4.0.0) lib/action_controller/metal/renderers.rb:26:in `render_to_body'
  actionpack (4.0.0) lib/abstract_controller/rendering.rb:97:in `render'
  actionpack (4.0.0) lib/action_controller/metal/rendering.rb:16:in `render'
  actionpack (4.0.0) lib/action_controller/metal/instrumentation.rb:41:in `block (2 levels) in render'
  activesupport (4.0.0) lib/active_support/core_ext/benchmark.rb:12:in `block in ms'
  /home/miha/.rvm/rubies/ruby-2.0.0-p247/lib/ruby/2.0.0/benchmark.rb:296:in `realtime'
  activesupport (4.0.0) lib/active_support/core_ext/benchmark.rb:12:in `ms'
  actionpack (4.0.0) lib/action_controller/metal/instrumentation.rb:41:in `block in render'
  actionpack (4.0.0) lib/action_controller/metal/instrumentation.rb:84:in `cleanup_view_runtime'
  activerecord (4.0.0) lib/active_record/railties/controller_runtime.rb:25:in `cleanup_view_runtime'
  actionpack (4.0.0) lib/action_controller/metal/instrumentation.rb:40:in `render'
  actionpack (4.0.0) lib/action_controller/metal/implicit_render.rb:10:in `default_render'
  actionpack (4.0.0) lib/action_controller/metal/implicit_render.rb:5:in `send_action'
  actionpack (4.0.0) lib/abstract_controller/base.rb:189:in `process_action'
  actionpack (4.0.0) lib/action_controller/metal/rendering.rb:10:in `process_action'
  actionpack (4.0.0) lib/abstract_controller/callbacks.rb:18:in `block in process_action'
  activesupport (4.0.0) lib/active_support/callbacks.rb:403:in `_run__227371824381615867__process_action__callbacks'
  activesupport (4.0.0) lib/active_support/callbacks.rb:80:in `run_callbacks'
  actionpack (4.0.0) lib/abstract_controller/callbacks.rb:17:in `process_action'
  actionpack (4.0.0) lib/action_controller/metal/rescue.rb:29:in `process_action'
  actionpack (4.0.0) lib/action_controller/metal/instrumentation.rb:31:in `block in process_action'
  activesupport (4.0.0) lib/active_support/notifications.rb:159:in `block in instrument'
  activesupport (4.0.0) lib/active_support/notifications/instrumenter.rb:20:in `instrument'
  activesupport (4.0.0) lib/active_support/notifications.rb:159:in `instrument'
  actionpack (4.0.0) lib/action_controller/metal/instrumentation.rb:30:in `process_action'
  actionpack (4.0.0) lib/action_controller/metal/params_wrapper.rb:245:in `process_action'
  activerecord (4.0.0) lib/active_record/railties/controller_runtime.rb:18:in `process_action'
  actionpack (4.0.0) lib/abstract_controller/base.rb:136:in `process'
  actionpack (4.0.0) lib/abstract_controller/rendering.rb:44:in `process'
  actionpack (4.0.0) lib/action_controller/metal.rb:195:in `dispatch'
  actionpack (4.0.0) lib/action_controller/metal/rack_delegation.rb:13:in `dispatch'
  actionpack (4.0.0) lib/action_controller/metal.rb:231:in `block in action'
  actionpack (4.0.0) lib/action_dispatch/routing/route_set.rb:80:in `call'
  actionpack (4.0.0) lib/action_dispatch/routing/route_set.rb:80:in `dispatch'
  actionpack (4.0.0) lib/action_dispatch/routing/route_set.rb:48:in `call'
  actionpack (4.0.0) lib/action_dispatch/journey/router.rb:71:in `block in call'
  actionpack (4.0.0) lib/action_dispatch/journey/router.rb:59:in `each'
  actionpack (4.0.0) lib/action_dispatch/journey/router.rb:59:in `call'
  actionpack (4.0.0) lib/action_dispatch/routing/route_set.rb:655:in `call'
  rack (1.5.2) lib/rack/etag.rb:23:in `call'
  rack (1.5.2) lib/rack/conditionalget.rb:35:in `call'
  rack (1.5.2) lib/rack/head.rb:11:in `call'
  actionpack (4.0.0) lib/action_dispatch/middleware/params_parser.rb:27:in `call'
  actionpack (4.0.0) lib/action_dispatch/middleware/flash.rb:241:in `call'
  rack (1.5.2) lib/rack/session/abstract/id.rb:225:in `context'
  rack (1.5.2) lib/rack/session/abstract/id.rb:220:in `call'
  actionpack (4.0.0) lib/action_dispatch/middleware/cookies.rb:486:in `call'
  activerecord (4.0.0) lib/active_record/query_cache.rb:36:in `call'
  activerecord (4.0.0) lib/active_record/connection_adapters/abstract/connection_pool.rb:626:in `call'
  activerecord (4.0.0) lib/active_record/migration.rb:369:in `call'
  actionpack (4.0.0) lib/action_dispatch/middleware/callbacks.rb:29:in `block in call'
  activesupport (4.0.0) lib/active_support/callbacks.rb:373:in `_run__1985732149014118609__call__callbacks'
  activesupport (4.0.0) lib/active_support/callbacks.rb:80:in `run_callbacks'
  actionpack (4.0.0) lib/action_dispatch/middleware/callbacks.rb:27:in `call'
  actionpack (4.0.0) lib/action_dispatch/middleware/reloader.rb:64:in `call'
  actionpack (4.0.0) lib/action_dispatch/middleware/remote_ip.rb:76:in `call'
  actionpack (4.0.0) lib/action_dispatch/middleware/debug_exceptions.rb:17:in `call'
  actionpack (4.0.0) lib/action_dispatch/middleware/show_exceptions.rb:30:in `call'
  railties (4.0.0) lib/rails/rack/logger.rb:38:in `call_app'
  railties (4.0.0) lib/rails/rack/logger.rb:21:in `block in call'
  activesupport (4.0.0) lib/active_support/tagged_logging.rb:67:in `block in tagged'
  activesupport (4.0.0) lib/active_support/tagged_logging.rb:25:in `tagged'
  activesupport (4.0.0) lib/active_support/tagged_logging.rb:67:in `tagged'
  railties (4.0.0) lib/rails/rack/logger.rb:21:in `call'
  actionpack (4.0.0) lib/action_dispatch/middleware/request_id.rb:21:in `call'
  rack (1.5.2) lib/rack/methodoverride.rb:21:in `call'
  rack (1.5.2) lib/rack/runtime.rb:17:in `call'
  activesupport (4.0.0) lib/active_support/cache/strategy/local_cache.rb:83:in `call'
  rack (1.5.2) lib/rack/lock.rb:17:in `call'
  actionpack (4.0.0) lib/action_dispatch/middleware/static.rb:64:in `call'
  railties (4.0.0) lib/rails/engine.rb:511:in `call'
  railties (4.0.0) lib/rails/application.rb:97:in `call'
  rack (1.5.2) lib/rack/lock.rb:17:in `call'
  rack (1.5.2) lib/rack/content_length.rb:14:in `call'
  rack (1.5.2) lib/rack/handler/webrick.rb:60:in `service'
  /home/miha/.rvm/rubies/ruby-2.0.0-p247/lib/ruby/2.0.0/webrick/httpserver.rb:138:in `service'
  /home/miha/.rvm/rubies/ruby-2.0.0-p247/lib/ruby/2.0.0/webrick/httpserver.rb:94:in `run'
  /home/miha/.rvm/rubies/ruby-2.0.0-p247/lib/ruby/2.0.0/webrick/server.rb:295:in `block in start_thread'


  Rendered /home/miha/.rvm/gems/ruby-2.0.0-p247/gems/actionpack-4.0.0/lib/action_dispatch/middleware/templates/rescues/missing_template.erb within rescues/layout (0.6ms)


Started GET "/posts/new" for 127.0.0.1 at 2013-12-14 12:36:45 -0500
Processing by PostsController#new as HTML
  Rendered posts/new.html.erb within layouts/application (2.0ms)
Completed 200 OK in 9ms (Views: 7.9ms | ActiveRecord: 0.0ms)


Started GET "/assets/application.css?body=1" for 127.0.0.1 at 2013-12-14 12:36:45 -0500


Started GET "/assets/turbolinks.js?body=1" for 127.0.0.1 at 2013-12-14 12:36:45 -0500


Started GET "/assets/jquery_ujs.js?body=1" for 127.0.0.1 at 2013-12-14 12:36:45 -0500


Started GET "/assets/welcome.css?body=1" for 127.0.0.1 at 2013-12-14 12:36:45 -0500


Started GET "/assets/posts.css?body=1" for 127.0.0.1 at 2013-12-14 12:36:45 -0500


Started GET "/assets/jquery.js?body=1" for 127.0.0.1 at 2013-12-14 12:36:45 -0500


Started GET "/assets/posts.js?body=1" for 127.0.0.1 at 2013-12-14 12:36:45 -0500


Started GET "/assets/welcome.js?body=1" for 127.0.0.1 at 2013-12-14 12:36:45 -0500


Started GET "/assets/application.js?body=1" for 127.0.0.1 at 2013-12-14 12:36:45 -0500


Started POST "/posts" for 127.0.0.1 at 2013-12-14 12:36:53 -0500
Processing by PostsController#create as HTML
  Parameters: {"utf8"=>"✓", "authenticity_token"=>"q7WjmSoOhkXSAsSpdTHTgEeYmDlZI9zvNhHwgyfhGhY=", "post"=>{"title"=>"dsa", "url"=>"", "description"=>""}, "commit"=>"Save Post"}
  Rendered text template (0.0ms)
Completed 200 OK in 31ms (Views: 29.8ms | ActiveRecord: 0.0ms)
  [1m[36m (461.8ms)[0m  [1mCREATE TABLE "schema_migrations" ("version" varchar(255) NOT NULL) [0m
  [1m[35m (248.4ms)[0m  CREATE UNIQUE INDEX "unique_schema_migrations" ON "schema_migrations" ("version")
  [1m[36mActiveRecord::SchemaMigration Load (0.3ms)[0m  [1mSELECT "schema_migrations".* FROM "schema_migrations"[0m
Migrating to CreatePosts (20131214174744)
  [1m[35m (0.2ms)[0m  begin transaction
  [1m[36m (0.2ms)[0m  [1mrollback transaction[0m
  [1m[36mActiveRecord::SchemaMigration Load (0.1ms)[0m  [1mSELECT "schema_migrations".* FROM "schema_migrations"[0m
Migrating to CreatePosts (20131214174744)
  [1m[35m (0.1ms)[0m  begin transaction
  [1m[36m (0.5ms)[0m  [1mCREATE TABLE "posts" ("id" INTEGER PRIMARY KEY AUTOINCREMENT NOT NULL, "title" varchar(255), "url" varchar(255), "description" varchar(255), "user_id" integer, "created_at" datetime, "updated_at" datetime) [0m
  [1m[35mSQL (0.4ms)[0m  INSERT INTO "schema_migrations" ("version") VALUES (?)  [["version", "20131214174744"]]
  [1m[36m (436.6ms)[0m  [1mcommit transaction[0m
  [1m[35mActiveRecord::SchemaMigration Load (0.1ms)[0m  SELECT "schema_migrations".* FROM "schema_migrations"


Started GET "/posts/new" for 127.0.0.1 at 2013-12-14 13:05:52 -0500
  [1m[36mActiveRecord::SchemaMigration Load (0.1ms)[0m  [1mSELECT "schema_migrations".* FROM "schema_migrations"[0m
Processing by PostsController#new as HTML
  Rendered posts/new.html.erb within layouts/application (2.0ms)
Completed 200 OK in 9ms (Views: 7.5ms | ActiveRecord: 0.0ms)


Started GET "/assets/application.css?body=1" for 127.0.0.1 at 2013-12-14 13:05:52 -0500


Started GET "/assets/turbolinks.js?body=1" for 127.0.0.1 at 2013-12-14 13:05:52 -0500


Started GET "/assets/welcome.css?body=1" for 127.0.0.1 at 2013-12-14 13:05:52 -0500


Started GET "/assets/jquery_ujs.js?body=1" for 127.0.0.1 at 2013-12-14 13:05:52 -0500


Started GET "/assets/jquery.js?body=1" for 127.0.0.1 at 2013-12-14 13:05:52 -0500


Started GET "/assets/posts.css?body=1" for 127.0.0.1 at 2013-12-14 13:05:52 -0500


Started GET "/assets/posts.js?body=1" for 127.0.0.1 at 2013-12-14 13:05:52 -0500


Started GET "/assets/welcome.js?body=1" for 127.0.0.1 at 2013-12-14 13:05:52 -0500


Started GET "/assets/application.js?body=1" for 127.0.0.1 at 2013-12-14 13:05:52 -0500


Started POST "/posts" for 127.0.0.1 at 2013-12-14 13:05:54 -0500
Processing by PostsController#create as HTML
  Parameters: {"utf8"=>"✓", "authenticity_token"=>"q7WjmSoOhkXSAsSpdTHTgEeYmDlZI9zvNhHwgyfhGhY=", "post"=>{"title"=>"", "url"=>"", "description"=>""}, "commit"=>"Save Post"}
Completed 500 Internal Server Error in 6ms

ActiveModel::ForbiddenAttributesError (ActiveModel::ForbiddenAttributesError):
  app/controllers/posts_controller.rb:6:in `create'


  Rendered /home/miha/.rvm/gems/ruby-2.0.0-p247/gems/actionpack-4.0.0/lib/action_dispatch/middleware/templates/rescues/_source.erb (31.3ms)
  Rendered /home/miha/.rvm/gems/ruby-2.0.0-p247/gems/actionpack-4.0.0/lib/action_dispatch/middleware/templates/rescues/_trace.erb (1.5ms)
  Rendered /home/miha/.rvm/gems/ruby-2.0.0-p247/gems/actionpack-4.0.0/lib/action_dispatch/middleware/templates/rescues/_request_and_response.erb (1.3ms)
  Rendered /home/miha/.rvm/gems/ruby-2.0.0-p247/gems/actionpack-4.0.0/lib/action_dispatch/middleware/templates/rescues/diagnostics.erb within rescues/layout (46.4ms)


Started POST "/posts" for 127.0.0.1 at 2013-12-14 13:07:58 -0500
Processing by PostsController#create as HTML
  Parameters: {"utf8"=>"✓", "authenticity_token"=>"q7WjmSoOhkXSAsSpdTHTgEeYmDlZI9zvNhHwgyfhGhY=", "post"=>{"title"=>"", "url"=>"", "description"=>""}, "commit"=>"Save Post"}
Completed 500 Internal Server Error in 4ms

ActiveModel::ForbiddenAttributesError (ActiveModel::ForbiddenAttributesError):
  app/controllers/posts_controller.rb:6:in `create'


  Rendered /home/miha/.rvm/gems/ruby-2.0.0-p247/gems/actionpack-4.0.0/lib/action_dispatch/middleware/templates/rescues/_source.erb (0.8ms)
  Rendered /home/miha/.rvm/gems/ruby-2.0.0-p247/gems/actionpack-4.0.0/lib/action_dispatch/middleware/templates/rescues/_trace.erb (1.4ms)
  Rendered /home/miha/.rvm/gems/ruby-2.0.0-p247/gems/actionpack-4.0.0/lib/action_dispatch/middleware/templates/rescues/_request_and_response.erb (1.4ms)
  Rendered /home/miha/.rvm/gems/ruby-2.0.0-p247/gems/actionpack-4.0.0/lib/action_dispatch/middleware/templates/rescues/diagnostics.erb within rescues/layout (15.1ms)


Started GET "/posts/new" for 127.0.0.1 at 2013-12-14 13:08:20 -0500
Processing by PostsController#new as HTML
  Rendered posts/new.html.erb within layouts/application (1.8ms)
Completed 200 OK in 9ms (Views: 7.2ms | ActiveRecord: 0.0ms)


Started GET "/assets/application.css?body=1" for 127.0.0.1 at 2013-12-14 13:08:20 -0500


Started GET "/assets/welcome.css?body=1" for 127.0.0.1 at 2013-12-14 13:08:20 -0500


Started GET "/assets/jquery_ujs.js?body=1" for 127.0.0.1 at 2013-12-14 13:08:20 -0500


Started GET "/assets/jquery.js?body=1" for 127.0.0.1 at 2013-12-14 13:08:20 -0500


Started GET "/assets/posts.css?body=1" for 127.0.0.1 at 2013-12-14 13:08:20 -0500


Started GET "/assets/turbolinks.js?body=1" for 127.0.0.1 at 2013-12-14 13:08:20 -0500


Started GET "/assets/posts.js?body=1" for 127.0.0.1 at 2013-12-14 13:08:20 -0500


Started GET "/assets/welcome.js?body=1" for 127.0.0.1 at 2013-12-14 13:08:20 -0500


Started GET "/assets/application.js?body=1" for 127.0.0.1 at 2013-12-14 13:08:20 -0500


Started POST "/posts" for 127.0.0.1 at 2013-12-14 13:08:23 -0500
Processing by PostsController#create as HTML
  Parameters: {"utf8"=>"✓", "authenticity_token"=>"q7WjmSoOhkXSAsSpdTHTgEeYmDlZI9zvNhHwgyfhGhY=", "post"=>{"title"=>"", "url"=>"", "description"=>""}, "commit"=>"Save Post"}
Completed 500 Internal Server Error in 4ms

ActiveModel::ForbiddenAttributesError (ActiveModel::ForbiddenAttributesError):
  app/controllers/posts_controller.rb:6:in `create'


  Rendered /home/miha/.rvm/gems/ruby-2.0.0-p247/gems/actionpack-4.0.0/lib/action_dispatch/middleware/templates/rescues/_source.erb (0.7ms)
  Rendered /home/miha/.rvm/gems/ruby-2.0.0-p247/gems/actionpack-4.0.0/lib/action_dispatch/middleware/templates/rescues/_trace.erb (1.4ms)
  Rendered /home/miha/.rvm/gems/ruby-2.0.0-p247/gems/actionpack-4.0.0/lib/action_dispatch/middleware/templates/rescues/_request_and_response.erb (1.2ms)
  Rendered /home/miha/.rvm/gems/ruby-2.0.0-p247/gems/actionpack-4.0.0/lib/action_dispatch/middleware/templates/rescues/diagnostics.erb within rescues/layout (14.5ms)


Started POST "/posts" for 127.0.0.1 at 2013-12-14 13:09:12 -0500
Processing by PostsController#create as HTML
  Parameters: {"utf8"=>"✓", "authenticity_token"=>"q7WjmSoOhkXSAsSpdTHTgEeYmDlZI9zvNhHwgyfhGhY=", "post"=>{"title"=>"", "url"=>"", "description"=>""}, "commit"=>"Save Post"}
Completed 500 Internal Server Error in 2ms

ActiveModel::ForbiddenAttributesError (ActiveModel::ForbiddenAttributesError):
  app/controllers/posts_controller.rb:6:in `create'


  Rendered /home/miha/.rvm/gems/ruby-2.0.0-p247/gems/actionpack-4.0.0/lib/action_dispatch/middleware/templates/rescues/_source.erb (0.8ms)
  Rendered /home/miha/.rvm/gems/ruby-2.0.0-p247/gems/actionpack-4.0.0/lib/action_dispatch/middleware/templates/rescues/_trace.erb (1.3ms)
  Rendered /home/miha/.rvm/gems/ruby-2.0.0-p247/gems/actionpack-4.0.0/lib/action_dispatch/middleware/templates/rescues/_request_and_response.erb (1.4ms)
  Rendered /home/miha/.rvm/gems/ruby-2.0.0-p247/gems/actionpack-4.0.0/lib/action_dispatch/middleware/templates/rescues/diagnostics.erb within rescues/layout (14.8ms)


Started POST "/posts" for 127.0.0.1 at 2013-12-14 13:09:25 -0500
Processing by PostsController#create as HTML
  Parameters: {"utf8"=>"✓", "authenticity_token"=>"q7WjmSoOhkXSAsSpdTHTgEeYmDlZI9zvNhHwgyfhGhY=", "post"=>{"title"=>"d", "url"=>"d", "description"=>"d"}, "commit"=>"Save Post"}
Completed 500 Internal Server Error in 2ms

ActiveModel::ForbiddenAttributesError (ActiveModel::ForbiddenAttributesError):
  app/controllers/posts_controller.rb:6:in `create'


  Rendered /home/miha/.rvm/gems/ruby-2.0.0-p247/gems/actionpack-4.0.0/lib/action_dispatch/middleware/templates/rescues/_source.erb (0.9ms)
  Rendered /home/miha/.rvm/gems/ruby-2.0.0-p247/gems/actionpack-4.0.0/lib/action_dispatch/middleware/templates/rescues/_trace.erb (1.5ms)
  Rendered /home/miha/.rvm/gems/ruby-2.0.0-p247/gems/actionpack-4.0.0/lib/action_dispatch/middleware/templates/rescues/_request_and_response.erb (1.2ms)
  Rendered /home/miha/.rvm/gems/ruby-2.0.0-p247/gems/actionpack-4.0.0/lib/action_dispatch/middleware/templates/rescues/diagnostics.erb within rescues/layout (15.5ms)


Started GET "/posts/new" for 127.0.0.1 at 2013-12-14 13:10:29 -0500
Processing by PostsController#new as HTML
  Rendered posts/new.html.erb within layouts/application (1.7ms)
Completed 200 OK in 8ms (Views: 6.9ms | ActiveRecord: 0.0ms)


Started GET "/assets/posts.css?body=1" for 127.0.0.1 at 2013-12-14 13:10:29 -0500


Started GET "/assets/welcome.css?body=1" for 127.0.0.1 at 2013-12-14 13:10:29 -0500


Started GET "/assets/jquery_ujs.js?body=1" for 127.0.0.1 at 2013-12-14 13:10:29 -0500


Started GET "/assets/jquery.js?body=1" for 127.0.0.1 at 2013-12-14 13:10:29 -0500


Started GET "/assets/posts.js?body=1" for 127.0.0.1 at 2013-12-14 13:10:29 -0500


Started GET "/assets/turbolinks.js?body=1" for 127.0.0.1 at 2013-12-14 13:10:29 -0500


Started GET "/assets/application.css?body=1" for 127.0.0.1 at 2013-12-14 13:10:29 -0500


Started GET "/assets/welcome.js?body=1" for 127.0.0.1 at 2013-12-14 13:10:29 -0500


Started GET "/assets/application.js?body=1" for 127.0.0.1 at 2013-12-14 13:10:29 -0500


Started POST "/posts" for 127.0.0.1 at 2013-12-14 13:10:37 -0500
Processing by PostsController#create as HTML
  Parameters: {"utf8"=>"✓", "authenticity_token"=>"q7WjmSoOhkXSAsSpdTHTgEeYmDlZI9zvNhHwgyfhGhY=", "post"=>{"title"=>"e", "url"=>"", "description"=>""}, "commit"=>"Save Post"}
  [1m[35m (0.2ms)[0m  begin transaction
  [1m[36mSQL (61.9ms)[0m  [1mINSERT INTO "posts" ("created_at", "description", "title", "updated_at", "url") VALUES (?, ?, ?, ?, ?)[0m  [["created_at", Sat, 14 Dec 2013 18:10:37 UTC +00:00], ["description", ""], ["title", "e"], ["updated_at", Sat, 14 Dec 2013 18:10:37 UTC +00:00], ["url", ""]]
  [1m[35m (391.1ms)[0m  commit transaction
Redirected to http://localhost:3000/posts/1
Completed 302 Found in 561ms (ActiveRecord: 453.8ms)


Started GET "/posts/1" for 127.0.0.1 at 2013-12-14 13:10:37 -0500

AbstractController::ActionNotFound (The action 'show' could not be found for PostsController):
  actionpack (4.0.0) lib/abstract_controller/base.rb:131:in `process'
  actionpack (4.0.0) lib/abstract_controller/rendering.rb:44:in `process'
  actionpack (4.0.0) lib/action_controller/metal.rb:195:in `dispatch'
  actionpack (4.0.0) lib/action_controller/metal/rack_delegation.rb:13:in `dispatch'
  actionpack (4.0.0) lib/action_controller/metal.rb:231:in `block in action'
  actionpack (4.0.0) lib/action_dispatch/routing/route_set.rb:80:in `call'
  actionpack (4.0.0) lib/action_dispatch/routing/route_set.rb:80:in `dispatch'
  actionpack (4.0.0) lib/action_dispatch/routing/route_set.rb:48:in `call'
  actionpack (4.0.0) lib/action_dispatch/journey/router.rb:71:in `block in call'
  actionpack (4.0.0) lib/action_dispatch/journey/router.rb:59:in `each'
  actionpack (4.0.0) lib/action_dispatch/journey/router.rb:59:in `call'
  actionpack (4.0.0) lib/action_dispatch/routing/route_set.rb:655:in `call'
  rack (1.5.2) lib/rack/etag.rb:23:in `call'
  rack (1.5.2) lib/rack/conditionalget.rb:25:in `call'
  rack (1.5.2) lib/rack/head.rb:11:in `call'
  actionpack (4.0.0) lib/action_dispatch/middleware/params_parser.rb:27:in `call'
  actionpack (4.0.0) lib/action_dispatch/middleware/flash.rb:241:in `call'
  rack (1.5.2) lib/rack/session/abstract/id.rb:225:in `context'
  rack (1.5.2) lib/rack/session/abstract/id.rb:220:in `call'
  actionpack (4.0.0) lib/action_dispatch/middleware/cookies.rb:486:in `call'
  activerecord (4.0.0) lib/active_record/query_cache.rb:36:in `call'
  activerecord (4.0.0) lib/active_record/connection_adapters/abstract/connection_pool.rb:626:in `call'
  activerecord (4.0.0) lib/active_record/migration.rb:369:in `call'
  actionpack (4.0.0) lib/action_dispatch/middleware/callbacks.rb:29:in `block in call'
  activesupport (4.0.0) lib/active_support/callbacks.rb:373:in `_run__1985732149014118609__call__callbacks'
  activesupport (4.0.0) lib/active_support/callbacks.rb:80:in `run_callbacks'
  actionpack (4.0.0) lib/action_dispatch/middleware/callbacks.rb:27:in `call'
  actionpack (4.0.0) lib/action_dispatch/middleware/reloader.rb:64:in `call'
  actionpack (4.0.0) lib/action_dispatch/middleware/remote_ip.rb:76:in `call'
  actionpack (4.0.0) lib/action_dispatch/middleware/debug_exceptions.rb:17:in `call'
  actionpack (4.0.0) lib/action_dispatch/middleware/show_exceptions.rb:30:in `call'
  railties (4.0.0) lib/rails/rack/logger.rb:38:in `call_app'
  railties (4.0.0) lib/rails/rack/logger.rb:21:in `block in call'
  activesupport (4.0.0) lib/active_support/tagged_logging.rb:67:in `block in tagged'
  activesupport (4.0.0) lib/active_support/tagged_logging.rb:25:in `tagged'
  activesupport (4.0.0) lib/active_support/tagged_logging.rb:67:in `tagged'
  railties (4.0.0) lib/rails/rack/logger.rb:21:in `call'
  actionpack (4.0.0) lib/action_dispatch/middleware/request_id.rb:21:in `call'
  rack (1.5.2) lib/rack/methodoverride.rb:21:in `call'
  rack (1.5.2) lib/rack/runtime.rb:17:in `call'
  activesupport (4.0.0) lib/active_support/cache/strategy/local_cache.rb:83:in `call'
  rack (1.5.2) lib/rack/lock.rb:17:in `call'
  actionpack (4.0.0) lib/action_dispatch/middleware/static.rb:64:in `call'
  railties (4.0.0) lib/rails/engine.rb:511:in `call'
  railties (4.0.0) lib/rails/application.rb:97:in `call'
  rack (1.5.2) lib/rack/lock.rb:17:in `call'
  rack (1.5.2) lib/rack/content_length.rb:14:in `call'
  rack (1.5.2) lib/rack/handler/webrick.rb:60:in `service'
  /home/miha/.rvm/rubies/ruby-2.0.0-p247/lib/ruby/2.0.0/webrick/httpserver.rb:138:in `service'
  /home/miha/.rvm/rubies/ruby-2.0.0-p247/lib/ruby/2.0.0/webrick/httpserver.rb:94:in `run'
  /home/miha/.rvm/rubies/ruby-2.0.0-p247/lib/ruby/2.0.0/webrick/server.rb:295:in `block in start_thread'


  Rendered /home/miha/.rvm/gems/ruby-2.0.0-p247/gems/actionpack-4.0.0/lib/action_dispatch/middleware/templates/rescues/unknown_action.erb within rescues/layout (0.6ms)


Started GET "/posts/new" for 127.0.0.1 at 2013-12-14 13:13:09 -0500
Processing by PostsController#new as HTML
  Rendered posts/new.html.erb within layouts/application (4.1ms)
Completed 200 OK in 12ms (Views: 10.8ms | ActiveRecord: 0.0ms)


Started GET "/assets/posts.css?body=1" for 127.0.0.1 at 2013-12-14 13:13:09 -0500


Started GET "/assets/turbolinks.js?body=1" for 127.0.0.1 at 2013-12-14 13:13:09 -0500


Started GET "/assets/jquery.js?body=1" for 127.0.0.1 at 2013-12-14 13:13:09 -0500


Started GET "/assets/application.css?body=1" for 127.0.0.1 at 2013-12-14 13:13:09 -0500


Started GET "/assets/jquery_ujs.js?body=1" for 127.0.0.1 at 2013-12-14 13:13:09 -0500


Started GET "/assets/welcome.css?body=1" for 127.0.0.1 at 2013-12-14 13:13:09 -0500


Started GET "/assets/posts.js?body=1" for 127.0.0.1 at 2013-12-14 13:13:09 -0500


Started GET "/assets/welcome.js?body=1" for 127.0.0.1 at 2013-12-14 13:13:09 -0500


Started GET "/assets/application.js?body=1" for 127.0.0.1 at 2013-12-14 13:13:09 -0500


Started GET "/" for 127.0.0.1 at 2013-12-14 13:13:21 -0500
Processing by WelcomeController#index as HTML
  Rendered welcome/index.html.erb within layouts/application (0.1ms)
Completed 200 OK in 8ms (Views: 5.7ms | ActiveRecord: 0.0ms)


Started GET "/assets/application.css?body=1" for 127.0.0.1 at 2013-12-14 13:13:21 -0500


Started GET "/assets/posts.css?body=1" for 127.0.0.1 at 2013-12-14 13:13:21 -0500


Started GET "/assets/welcome.css?body=1" for 127.0.0.1 at 2013-12-14 13:13:21 -0500


Started GET "/assets/turbolinks.js?body=1" for 127.0.0.1 at 2013-12-14 13:13:21 -0500


Started GET "/assets/jquery_ujs.js?body=1" for 127.0.0.1 at 2013-12-14 13:13:21 -0500


Started GET "/assets/jquery.js?body=1" for 127.0.0.1 at 2013-12-14 13:13:21 -0500


Started GET "/assets/posts.js?body=1" for 127.0.0.1 at 2013-12-14 13:13:21 -0500


Started GET "/assets/welcome.js?body=1" for 127.0.0.1 at 2013-12-14 13:13:21 -0500


Started GET "/assets/application.js?body=1" for 127.0.0.1 at 2013-12-14 13:13:21 -0500


Started GET "/" for 127.0.0.1 at 2013-12-14 13:25:05 -0500
Processing by WelcomeController#index as HTML
  Rendered welcome/index.html.erb within layouts/application (0.1ms)
Completed 200 OK in 6ms (Views: 5.3ms | ActiveRecord: 0.0ms)


Started GET "/assets/application.css?body=1" for 127.0.0.1 at 2013-12-14 13:25:05 -0500


Started GET "/assets/jquery.js?body=1" for 127.0.0.1 at 2013-12-14 13:25:05 -0500


Started GET "/assets/posts.css?body=1" for 127.0.0.1 at 2013-12-14 13:25:05 -0500


Started GET "/assets/jquery_ujs.js?body=1" for 127.0.0.1 at 2013-12-14 13:25:05 -0500


Started GET "/assets/turbolinks.js?body=1" for 127.0.0.1 at 2013-12-14 13:25:05 -0500


Started GET "/assets/welcome.css?body=1" for 127.0.0.1 at 2013-12-14 13:25:05 -0500


Started GET "/assets/welcome.js?body=1" for 127.0.0.1 at 2013-12-14 13:25:05 -0500


Started GET "/assets/posts.js?body=1" for 127.0.0.1 at 2013-12-14 13:25:05 -0500


Started GET "/assets/application.js?body=1" for 127.0.0.1 at 2013-12-14 13:25:05 -0500


Started GET "/posts/new" for 127.0.0.1 at 2013-12-14 13:25:19 -0500
Processing by PostsController#new as HTML
  Rendered posts/new.html.erb within layouts/application (1.8ms)
Completed 200 OK in 10ms (Views: 7.1ms | ActiveRecord: 0.0ms)


Started GET "/assets/application.css?body=1" for 127.0.0.1 at 2013-12-14 13:25:19 -0500


Started GET "/assets/welcome.css?body=1" for 127.0.0.1 at 2013-12-14 13:25:19 -0500


Started GET "/assets/jquery_ujs.js?body=1" for 127.0.0.1 at 2013-12-14 13:25:19 -0500


Started GET "/assets/jquery.js?body=1" for 127.0.0.1 at 2013-12-14 13:25:19 -0500


Started GET "/assets/posts.css?body=1" for 127.0.0.1 at 2013-12-14 13:25:19 -0500


Started GET "/assets/turbolinks.js?body=1" for 127.0.0.1 at 2013-12-14 13:25:19 -0500


Started GET "/assets/welcome.js?body=1" for 127.0.0.1 at 2013-12-14 13:25:19 -0500


Started GET "/assets/posts.js?body=1" for 127.0.0.1 at 2013-12-14 13:25:19 -0500


Started GET "/assets/application.js?body=1" for 127.0.0.1 at 2013-12-14 13:25:19 -0500


Started POST "/posts" for 127.0.0.1 at 2013-12-14 13:25:21 -0500
Processing by PostsController#create as HTML
  Parameters: {"utf8"=>"✓", "authenticity_token"=>"q7WjmSoOhkXSAsSpdTHTgEeYmDlZI9zvNhHwgyfhGhY=", "post"=>{"title"=>"", "url"=>"", "description"=>""}, "commit"=>"Save Post"}
  [1m[36m (0.1ms)[0m  [1mbegin transaction[0m
  [1m[35mSQL (0.5ms)[0m  INSERT INTO "posts" ("created_at", "description", "title", "updated_at", "url") VALUES (?, ?, ?, ?, ?)  [["created_at", Sat, 14 Dec 2013 18:25:21 UTC +00:00], ["description", ""], ["title", ""], ["updated_at", Sat, 14 Dec 2013 18:25:21 UTC +00:00], ["url", ""]]
  [1m[36m (394.1ms)[0m  [1mcommit transaction[0m
Redirected to http://localhost:3000/posts/2
Completed 302 Found in 463ms (ActiveRecord: 395.4ms)


Started GET "/posts/2" for 127.0.0.1 at 2013-12-14 13:25:21 -0500
Processing by PostsController#show as HTML
  Parameters: {"id"=>"2"}
  Rendered posts/show.html.erb within layouts/application (1.4ms)
Completed 500 Internal Server Error in 4ms

ActionView::Template::Error (undefined method `title' for nil:NilClass):
    1: <p>
    2:   <strong>Title:</strong>
    3:   <%= @post.title %>
    4: </p>
    5:  
    6: <p>
  app/views/posts/show.html.erb:3:in `_app_views_posts_show_html_erb__1880753356620813234_29172280'


  Rendered /home/miha/.rvm/gems/ruby-2.0.0-p247/gems/actionpack-4.0.0/lib/action_dispatch/middleware/templates/rescues/_trace.erb (1.6ms)
  Rendered /home/miha/.rvm/gems/ruby-2.0.0-p247/gems/actionpack-4.0.0/lib/action_dispatch/middleware/templates/rescues/_request_and_response.erb (1.2ms)
  Rendered /home/miha/.rvm/gems/ruby-2.0.0-p247/gems/actionpack-4.0.0/lib/action_dispatch/middleware/templates/rescues/template_error.erb within rescues/layout (11.5ms)


Started GET "/posts/new" for 127.0.0.1 at 2013-12-14 13:37:51 -0500
Processing by PostsController#new as HTML
  Rendered posts/new.html.erb within layouts/application (4.0ms)
Completed 200 OK in 13ms (Views: 11.3ms | ActiveRecord: 0.0ms)


Started GET "/assets/application.css?body=1" for 127.0.0.1 at 2013-12-14 13:37:51 -0500


Started GET "/assets/jquery_ujs.js?body=1" for 127.0.0.1 at 2013-12-14 13:37:51 -0500


Started GET "/assets/posts.css?body=1" for 127.0.0.1 at 2013-12-14 13:37:51 -0500


Started GET "/assets/turbolinks.js?body=1" for 127.0.0.1 at 2013-12-14 13:37:51 -0500


Started GET "/assets/welcome.css?body=1" for 127.0.0.1 at 2013-12-14 13:37:51 -0500


Started GET "/assets/jquery.js?body=1" for 127.0.0.1 at 2013-12-14 13:37:51 -0500


Started GET "/assets/posts.js?body=1" for 127.0.0.1 at 2013-12-14 13:37:51 -0500


Started GET "/assets/welcome.js?body=1" for 127.0.0.1 at 2013-12-14 13:37:51 -0500


Started GET "/assets/application.js?body=1" for 127.0.0.1 at 2013-12-14 13:37:51 -0500


Started POST "/posts" for 127.0.0.1 at 2013-12-14 13:38:03 -0500
Processing by PostsController#create as HTML
  Parameters: {"utf8"=>"✓", "authenticity_token"=>"q7WjmSoOhkXSAsSpdTHTgEeYmDlZI9zvNhHwgyfhGhY=", "post"=>{"title"=>"a", "url"=>"a", "description"=>"a"}, "commit"=>"Save Post"}
  [1m[35m (0.1ms)[0m  begin transaction
  [1m[36mSQL (0.5ms)[0m  [1mINSERT INTO "posts" ("created_at", "description", "title", "updated_at", "url") VALUES (?, ?, ?, ?, ?)[0m  [["created_at", Sat, 14 Dec 2013 18:38:03 UTC +00:00], ["description", "a"], ["title", "a"], ["updated_at", Sat, 14 Dec 2013 18:38:03 UTC +00:00], ["url", "a"]]
  [1m[35m (511.2ms)[0m  commit transaction
Redirected to http://localhost:3000/posts/3
Completed 302 Found in 516ms (ActiveRecord: 511.8ms)


Started GET "/posts/3" for 127.0.0.1 at 2013-12-14 13:38:03 -0500
Processing by PostsController#show as HTML
  Parameters: {"id"=>"3"}
  Rendered posts/show.html.erb within layouts/application (0.6ms)
Completed 500 Internal Server Error in 2ms

ActionView::Template::Error (undefined method `title' for nil:NilClass):
    1: <p>
    2:   <strong>Title:</strong>
    3:   <%= @post.title %>
    4: </p>
    5:  
    6: <p>
  app/views/posts/show.html.erb:3:in `_app_views_posts_show_html_erb__1880753356620813234_29172280'


  Rendered /home/miha/.rvm/gems/ruby-2.0.0-p247/gems/actionpack-4.0.0/lib/action_dispatch/middleware/templates/rescues/_trace.erb (1.6ms)
  Rendered /home/miha/.rvm/gems/ruby-2.0.0-p247/gems/actionpack-4.0.0/lib/action_dispatch/middleware/templates/rescues/_request_and_response.erb (1.2ms)
  Rendered /home/miha/.rvm/gems/ruby-2.0.0-p247/gems/actionpack-4.0.0/lib/action_dispatch/middleware/templates/rescues/template_error.erb within rescues/layout (11.8ms)


Started GET "/posts/3" for 127.0.0.1 at 2013-12-14 13:41:23 -0500
  [1m[36mActiveRecord::SchemaMigration Load (0.1ms)[0m  [1mSELECT "schema_migrations".* FROM "schema_migrations"[0m
Processing by PostsController#show as HTML
  Parameters: {"id"=>"3"}
  [1m[35mPost Load (0.2ms)[0m  SELECT "posts".* FROM "posts" WHERE "posts"."id" = ? LIMIT 1  [["id", "3"]]
  Rendered posts/show.html.erb within layouts/application (1.5ms)
Completed 200 OK in 122ms (Views: 76.0ms | ActiveRecord: 0.7ms)


Started GET "/assets/application.css?body=1" for 127.0.0.1 at 2013-12-14 13:41:23 -0500


Started GET "/assets/posts.css?body=1" for 127.0.0.1 at 2013-12-14 13:41:23 -0500


Started GET "/assets/welcome.css?body=1" for 127.0.0.1 at 2013-12-14 13:41:23 -0500


Started GET "/assets/jquery.js?body=1" for 127.0.0.1 at 2013-12-14 13:41:23 -0500


Started GET "/assets/jquery_ujs.js?body=1" for 127.0.0.1 at 2013-12-14 13:41:23 -0500


Started GET "/assets/turbolinks.js?body=1" for 127.0.0.1 at 2013-12-14 13:41:23 -0500


Started GET "/assets/posts.js?body=1" for 127.0.0.1 at 2013-12-14 13:41:23 -0500


Started GET "/assets/welcome.js?body=1" for 127.0.0.1 at 2013-12-14 13:41:23 -0500


Started GET "/assets/application.js?body=1" for 127.0.0.1 at 2013-12-14 13:41:23 -0500


Started GET "/" for 127.0.0.1 at 2013-12-14 14:08:57 -0500
Processing by WelcomeController#index as HTML
  Rendered welcome/index.html.erb within layouts/application (0.7ms)
Completed 200 OK in 9ms (Views: 6.7ms | ActiveRecord: 0.0ms)


Started GET "/assets/application.css?body=1" for 127.0.0.1 at 2013-12-14 14:08:57 -0500


Started GET "/assets/posts.css?body=1" for 127.0.0.1 at 2013-12-14 14:08:57 -0500


Started GET "/assets/welcome.css?body=1" for 127.0.0.1 at 2013-12-14 14:08:57 -0500


Started GET "/assets/jquery_ujs.js?body=1" for 127.0.0.1 at 2013-12-14 14:08:57 -0500


Started GET "/assets/turbolinks.js?body=1" for 127.0.0.1 at 2013-12-14 14:08:57 -0500


Started GET "/assets/jquery.js?body=1" for 127.0.0.1 at 2013-12-14 14:08:57 -0500


Started GET "/assets/posts.js?body=1" for 127.0.0.1 at 2013-12-14 14:08:57 -0500


Started GET "/assets/welcome.js?body=1" for 127.0.0.1 at 2013-12-14 14:08:57 -0500


Started GET "/assets/application.js?body=1" for 127.0.0.1 at 2013-12-14 14:08:57 -0500


Started GET "/" for 127.0.0.1 at 2013-12-14 14:11:33 -0500
Processing by WelcomeController#index as HTML
  Rendered welcome/index.html.erb within layouts/application (0.1ms)
Completed 200 OK in 7ms (Views: 6.0ms | ActiveRecord: 0.0ms)


Started GET "/assets/application.css?body=1" for 127.0.0.1 at 2013-12-14 14:11:33 -0500


Started GET "/assets/jquery_ujs.js?body=1" for 127.0.0.1 at 2013-12-14 14:11:33 -0500


Started GET "/assets/posts.css?body=1" for 127.0.0.1 at 2013-12-14 14:11:33 -0500


Started GET "/assets/welcome.css?body=1" for 127.0.0.1 at 2013-12-14 14:11:33 -0500


Started GET "/assets/turbolinks.js?body=1" for 127.0.0.1 at 2013-12-14 14:11:33 -0500


Started GET "/assets/jquery.js?body=1" for 127.0.0.1 at 2013-12-14 14:11:33 -0500


Started GET "/assets/posts.js?body=1" for 127.0.0.1 at 2013-12-14 14:11:34 -0500


Started GET "/assets/welcome.js?body=1" for 127.0.0.1 at 2013-12-14 14:11:34 -0500


Started GET "/assets/application.js?body=1" for 127.0.0.1 at 2013-12-14 14:11:34 -0500


Started GET "/" for 127.0.0.1 at 2013-12-14 14:11:35 -0500
Processing by WelcomeController#index as HTML
  Rendered welcome/index.html.erb within layouts/application (0.1ms)
Completed 200 OK in 9ms (Views: 7.9ms | ActiveRecord: 0.0ms)


Started GET "/assets/application.css?body=1" for 127.0.0.1 at 2013-12-14 14:11:35 -0500


Started GET "/assets/jquery.js?body=1" for 127.0.0.1 at 2013-12-14 14:11:35 -0500


Started GET "/assets/welcome.css?body=1" for 127.0.0.1 at 2013-12-14 14:11:35 -0500


Started GET "/assets/jquery_ujs.js?body=1" for 127.0.0.1 at 2013-12-14 14:11:35 -0500


Started GET "/assets/posts.css?body=1" for 127.0.0.1 at 2013-12-14 14:11:35 -0500


Started GET "/assets/turbolinks.js?body=1" for 127.0.0.1 at 2013-12-14 14:11:35 -0500


Started GET "/assets/posts.js?body=1" for 127.0.0.1 at 2013-12-14 14:11:35 -0500


Started GET "/assets/welcome.js?body=1" for 127.0.0.1 at 2013-12-14 14:11:35 -0500


Started GET "/assets/application.js?body=1" for 127.0.0.1 at 2013-12-14 14:11:35 -0500


Started GET "/" for 127.0.0.1 at 2013-12-14 14:11:41 -0500
Processing by WelcomeController#index as HTML
  Rendered welcome/index.html.erb within layouts/application (0.1ms)
Completed 200 OK in 8ms (Views: 6.5ms | ActiveRecord: 0.0ms)


Started GET "/assets/application.css?body=1" for 127.0.0.1 at 2013-12-14 14:11:42 -0500


Started GET "/assets/posts.css?body=1" for 127.0.0.1 at 2013-12-14 14:11:42 -0500


Started GET "/assets/jquery.js?body=1" for 127.0.0.1 at 2013-12-14 14:11:42 -0500


Started GET "/assets/turbolinks.js?body=1" for 127.0.0.1 at 2013-12-14 14:11:42 -0500


Started GET "/assets/welcome.css?body=1" for 127.0.0.1 at 2013-12-14 14:11:42 -0500


Started GET "/assets/jquery_ujs.js?body=1" for 127.0.0.1 at 2013-12-14 14:11:42 -0500


Started GET "/assets/posts.js?body=1" for 127.0.0.1 at 2013-12-14 14:11:42 -0500


Started GET "/assets/welcome.js?body=1" for 127.0.0.1 at 2013-12-14 14:11:42 -0500


Started GET "/assets/application.js?body=1" for 127.0.0.1 at 2013-12-14 14:11:42 -0500


Started GET "/posts" for 127.0.0.1 at 2013-12-14 14:11:48 -0500
Processing by PostsController#index as HTML
  [1m[36mPost Load (0.4ms)[0m  [1mSELECT "posts".* FROM "posts"[0m
  Rendered posts/index.html.erb within layouts/application (58.6ms)
Completed 200 OK in 70ms (Views: 63.9ms | ActiveRecord: 0.8ms)


Started GET "/assets/posts.css?body=1" for 127.0.0.1 at 2013-12-14 14:11:48 -0500


Started GET "/assets/application.css?body=1" for 127.0.0.1 at 2013-12-14 14:11:48 -0500


Started GET "/assets/jquery_ujs.js?body=1" for 127.0.0.1 at 2013-12-14 14:11:48 -0500


Started GET "/assets/welcome.css?body=1" for 127.0.0.1 at 2013-12-14 14:11:48 -0500


Started GET "/assets/turbolinks.js?body=1" for 127.0.0.1 at 2013-12-14 14:11:48 -0500


Started GET "/assets/jquery.js?body=1" for 127.0.0.1 at 2013-12-14 14:11:48 -0500


Started GET "/assets/welcome.js?body=1" for 127.0.0.1 at 2013-12-14 14:11:48 -0500


Started GET "/assets/application.js?body=1" for 127.0.0.1 at 2013-12-14 14:11:48 -0500


Started GET "/assets/posts.js?body=1" for 127.0.0.1 at 2013-12-14 14:11:48 -0500


Started GET "/posts/new" for 127.0.0.1 at 2013-12-14 14:16:16 -0500
Processing by PostsController#new as HTML
  Rendered posts/new.html.erb within layouts/application (11.0ms)
Completed 200 OK in 20ms (Views: 17.8ms | ActiveRecord: 0.0ms)


Started GET "/assets/application.css?body=1" for 127.0.0.1 at 2013-12-14 14:16:17 -0500


Started GET "/assets/turbolinks.js?body=1" for 127.0.0.1 at 2013-12-14 14:16:17 -0500


Started GET "/assets/welcome.css?body=1" for 127.0.0.1 at 2013-12-14 14:16:17 -0500


Started GET "/assets/jquery_ujs.js?body=1" for 127.0.0.1 at 2013-12-14 14:16:17 -0500


Started GET "/assets/posts.css?body=1" for 127.0.0.1 at 2013-12-14 14:16:17 -0500


Started GET "/assets/jquery.js?body=1" for 127.0.0.1 at 2013-12-14 14:16:17 -0500


Started GET "/assets/posts.js?body=1" for 127.0.0.1 at 2013-12-14 14:16:17 -0500


Started GET "/assets/welcome.js?body=1" for 127.0.0.1 at 2013-12-14 14:16:17 -0500


Started GET "/assets/application.js?body=1" for 127.0.0.1 at 2013-12-14 14:16:17 -0500


Started POST "/posts" for 127.0.0.1 at 2013-12-14 14:16:35 -0500
Processing by PostsController#create as HTML
  Parameters: {"utf8"=>"✓", "authenticity_token"=>"q7WjmSoOhkXSAsSpdTHTgEeYmDlZI9zvNhHwgyfhGhY=", "post"=>{"title"=>"food", "url"=>"https://fbcdn-sphotos-b-a.akamaihd.net/hphotos-ak-frc3/1511364_271828892967776_1647610756_n.jpg", "description"=>"yuuuumy"}, "commit"=>"Save Post"}
  [1m[35m (0.2ms)[0m  begin transaction
  [1m[36mSQL (36.8ms)[0m  [1mINSERT INTO "posts" ("created_at", "description", "title", "updated_at", "url") VALUES (?, ?, ?, ?, ?)[0m  [["created_at", Sat, 14 Dec 2013 19:16:35 UTC +00:00], ["description", "yuuuumy"], ["title", "food"], ["updated_at", Sat, 14 Dec 2013 19:16:35 UTC +00:00], ["url", "https://fbcdn-sphotos-b-a.akamaihd.net/hphotos-ak-frc3/1511364_271828892967776_1647610756_n.jpg"]]
  [1m[35m (589.5ms)[0m  commit transaction
Redirected to http://localhost:3000/posts/4
Completed 302 Found in 643ms (ActiveRecord: 626.4ms)


Started GET "/posts/4" for 127.0.0.1 at 2013-12-14 14:16:36 -0500
Processing by PostsController#show as HTML
  Parameters: {"id"=>"4"}
  [1m[36mPost Load (0.5ms)[0m  [1mSELECT "posts".* FROM "posts" WHERE "posts"."id" = ? LIMIT 1[0m  [["id", "4"]]
  Rendered posts/show.html.erb within layouts/application (0.2ms)
Completed 200 OK in 10ms (Views: 6.3ms | ActiveRecord: 0.5ms)


Started GET "/assets/application.css?body=1" for 127.0.0.1 at 2013-12-14 14:16:36 -0500


Started GET "/assets/posts.css?body=1" for 127.0.0.1 at 2013-12-14 14:16:36 -0500


Started GET "/assets/jquery_ujs.js?body=1" for 127.0.0.1 at 2013-12-14 14:16:36 -0500


Started GET "/assets/jquery.js?body=1" for 127.0.0.1 at 2013-12-14 14:16:36 -0500


Started GET "/assets/welcome.css?body=1" for 127.0.0.1 at 2013-12-14 14:16:36 -0500


Started GET "/assets/turbolinks.js?body=1" for 127.0.0.1 at 2013-12-14 14:16:36 -0500


Started GET "/assets/posts.js?body=1" for 127.0.0.1 at 2013-12-14 14:16:36 -0500


Started GET "/assets/welcome.js?body=1" for 127.0.0.1 at 2013-12-14 14:16:36 -0500


Started GET "/assets/application.js?body=1" for 127.0.0.1 at 2013-12-14 14:16:36 -0500


Started GET "/posts" for 127.0.0.1 at 2013-12-14 14:16:39 -0500
Processing by PostsController#index as HTML
  [1m[35mPost Load (0.3ms)[0m  SELECT "posts".* FROM "posts"
  Rendered posts/index.html.erb within layouts/application (2.7ms)
Completed 200 OK in 10ms (Views: 8.8ms | ActiveRecord: 0.3ms)


Started GET "/assets/application.css?body=1" for 127.0.0.1 at 2013-12-14 14:16:39 -0500


Started GET "/width" for 127.0.0.1 at 2013-12-14 14:16:39 -0500

ActionController::RoutingError (No route matches [GET] "/width"):
  actionpack (4.0.0) lib/action_dispatch/middleware/debug_exceptions.rb:21:in `call'
  actionpack (4.0.0) lib/action_dispatch/middleware/show_exceptions.rb:30:in `call'
  railties (4.0.0) lib/rails/rack/logger.rb:38:in `call_app'
  railties (4.0.0) lib/rails/rack/logger.rb:21:in `block in call'
  activesupport (4.0.0) lib/active_support/tagged_logging.rb:67:in `block in tagged'
  activesupport (4.0.0) lib/active_support/tagged_logging.rb:25:in `tagged'
  activesupport (4.0.0) lib/active_support/tagged_logging.rb:67:in `tagged'
  railties (4.0.0) lib/rails/rack/logger.rb:21:in `call'
  actionpack (4.0.0) lib/action_dispatch/middleware/request_id.rb:21:in `call'
  rack (1.5.2) lib/rack/methodoverride.rb:21:in `call'
  rack (1.5.2) lib/rack/runtime.rb:17:in `call'
  activesupport (4.0.0) lib/active_support/cache/strategy/local_cache.rb:83:in `call'
  rack (1.5.2) lib/rack/lock.rb:17:in `call'
  actionpack (4.0.0) lib/action_dispatch/middleware/static.rb:64:in `call'
  railties (4.0.0) lib/rails/engine.rb:511:in `call'
  railties (4.0.0) lib/rails/application.rb:97:in `call'
  rack (1.5.2) lib/rack/lock.rb:17:in `call'
  rack (1.5.2) lib/rack/content_length.rb:14:in `call'
  rack (1.5.2) lib/rack/handler/webrick.rb:60:in `service'
  /home/miha/.rvm/rubies/ruby-2.0.0-p247/lib/ruby/2.0.0/webrick/httpserver.rb:138:in `service'
  /home/miha/.rvm/rubies/ruby-2.0.0-p247/lib/ruby/2.0.0/webrick/httpserver.rb:94:in `run'
  /home/miha/.rvm/rubies/ruby-2.0.0-p247/lib/ruby/2.0.0/webrick/server.rb:295:in `block in start_thread'


  Rendered /home/miha/.rvm/gems/ruby-2.0.0-p247/gems/actionpack-4.0.0/lib/action_dispatch/middleware/templates/rescues/_trace.erb (1.3ms)
  Rendered /home/miha/.rvm/gems/ruby-2.0.0-p247/gems/actionpack-4.0.0/lib/action_dispatch/middleware/templates/routes/_route.html.erb (2.2ms)
  Rendered /home/miha/.rvm/gems/ruby-2.0.0-p247/gems/actionpack-4.0.0/lib/action_dispatch/middleware/templates/routes/_table.html.erb (3.4ms)
  Rendered /home/miha/.rvm/gems/ruby-2.0.0-p247/gems/actionpack-4.0.0/lib/action_dispatch/middleware/templates/rescues/routing_error.erb within rescues/layout (477.9ms)


Started GET "/assets/jquery_ujs.js?body=1" for 127.0.0.1 at 2013-12-14 14:16:40 -0500


Started GET "/assets/jquery.js?body=1" for 127.0.0.1 at 2013-12-14 14:16:40 -0500


Started GET "/assets/welcome.css?body=1" for 127.0.0.1 at 2013-12-14 14:16:40 -0500


Started GET "/assets/posts.css?body=1" for 127.0.0.1 at 2013-12-14 14:16:40 -0500


Started GET "/assets/turbolinks.js?body=1" for 127.0.0.1 at 2013-12-14 14:16:40 -0500


Started GET "/assets/posts.js?body=1" for 127.0.0.1 at 2013-12-14 14:16:40 -0500


Started GET "/assets/welcome.js?body=1" for 127.0.0.1 at 2013-12-14 14:16:40 -0500


Started GET "/assets/application.js?body=1" for 127.0.0.1 at 2013-12-14 14:16:40 -0500


Started GET "/a" for 127.0.0.1 at 2013-12-14 14:16:40 -0500

ActionController::RoutingError (No route matches [GET] "/a"):
  actionpack (4.0.0) lib/action_dispatch/middleware/debug_exceptions.rb:21:in `call'
  actionpack (4.0.0) lib/action_dispatch/middleware/show_exceptions.rb:30:in `call'
  railties (4.0.0) lib/rails/rack/logger.rb:38:in `call_app'
  railties (4.0.0) lib/rails/rack/logger.rb:21:in `block in call'
  activesupport (4.0.0) lib/active_support/tagged_logging.rb:67:in `block in tagged'
  activesupport (4.0.0) lib/active_support/tagged_logging.rb:25:in `tagged'
  activesupport (4.0.0) lib/active_support/tagged_logging.rb:67:in `tagged'
  railties (4.0.0) lib/rails/rack/logger.rb:21:in `call'
  actionpack (4.0.0) lib/action_dispatch/middleware/request_id.rb:21:in `call'
  rack (1.5.2) lib/rack/methodoverride.rb:21:in `call'
  rack (1.5.2) lib/rack/runtime.rb:17:in `call'
  activesupport (4.0.0) lib/active_support/cache/strategy/local_cache.rb:83:in `call'
  rack (1.5.2) lib/rack/lock.rb:17:in `call'
  actionpack (4.0.0) lib/action_dispatch/middleware/static.rb:64:in `call'
  railties (4.0.0) lib/rails/engine.rb:511:in `call'
  railties (4.0.0) lib/rails/application.rb:97:in `call'
  rack (1.5.2) lib/rack/lock.rb:17:in `call'
  rack (1.5.2) lib/rack/content_length.rb:14:in `call'
  rack (1.5.2) lib/rack/handler/webrick.rb:60:in `service'
  /home/miha/.rvm/rubies/ruby-2.0.0-p247/lib/ruby/2.0.0/webrick/httpserver.rb:138:in `service'
  /home/miha/.rvm/rubies/ruby-2.0.0-p247/lib/ruby/2.0.0/webrick/httpserver.rb:94:in `run'
  /home/miha/.rvm/rubies/ruby-2.0.0-p247/lib/ruby/2.0.0/webrick/server.rb:295:in `block in start_thread'


  Rendered /home/miha/.rvm/gems/ruby-2.0.0-p247/gems/actionpack-4.0.0/lib/action_dispatch/middleware/templates/rescues/_trace.erb (1.9ms)
  Rendered /home/miha/.rvm/gems/ruby-2.0.0-p247/gems/actionpack-4.0.0/lib/action_dispatch/middleware/templates/routes/_route.html.erb (2.1ms)
  Rendered /home/miha/.rvm/gems/ruby-2.0.0-p247/gems/actionpack-4.0.0/lib/action_dispatch/middleware/templates/routes/_table.html.erb (1.4ms)
  Rendered /home/miha/.rvm/gems/ruby-2.0.0-p247/gems/actionpack-4.0.0/lib/action_dispatch/middleware/templates/rescues/routing_error.erb within rescues/layout (21.0ms)


Started GET "/width" for 127.0.0.1 at 2013-12-14 14:16:40 -0500

ActionController::RoutingError (No route matches [GET] "/width"):
  actionpack (4.0.0) lib/action_dispatch/middleware/debug_exceptions.rb:21:in `call'
  actionpack (4.0.0) lib/action_dispatch/middleware/show_exceptions.rb:30:in `call'
  railties (4.0.0) lib/rails/rack/logger.rb:38:in `call_app'
  railties (4.0.0) lib/rails/rack/logger.rb:21:in `block in call'
  activesupport (4.0.0) lib/active_support/tagged_logging.rb:67:in `block in tagged'
  activesupport (4.0.0) lib/active_support/tagged_logging.rb:25:in `tagged'
  activesupport (4.0.0) lib/active_support/tagged_logging.rb:67:in `tagged'
  railties (4.0.0) lib/rails/rack/logger.rb:21:in `call'
  actionpack (4.0.0) lib/action_dispatch/middleware/request_id.rb:21:in `call'
  rack (1.5.2) lib/rack/methodoverride.rb:21:in `call'
  rack (1.5.2) lib/rack/runtime.rb:17:in `call'
  activesupport (4.0.0) lib/active_support/cache/strategy/local_cache.rb:83:in `call'
  rack (1.5.2) lib/rack/lock.rb:17:in `call'
  actionpack (4.0.0) lib/action_dispatch/middleware/static.rb:64:in `call'
  railties (4.0.0) lib/rails/engine.rb:511:in `call'
  railties (4.0.0) lib/rails/application.rb:97:in `call'
  rack (1.5.2) lib/rack/lock.rb:17:in `call'
  rack (1.5.2) lib/rack/content_length.rb:14:in `call'
  rack (1.5.2) lib/rack/handler/webrick.rb:60:in `service'
  /home/miha/.rvm/rubies/ruby-2.0.0-p247/lib/ruby/2.0.0/webrick/httpserver.rb:138:in `service'
  /home/miha/.rvm/rubies/ruby-2.0.0-p247/lib/ruby/2.0.0/webrick/httpserver.rb:94:in `run'
  /home/miha/.rvm/rubies/ruby-2.0.0-p247/lib/ruby/2.0.0/webrick/server.rb:295:in `block in start_thread'


  Rendered /home/miha/.rvm/gems/ruby-2.0.0-p247/gems/actionpack-4.0.0/lib/action_dispatch/middleware/templates/rescues/_trace.erb (1.3ms)
  Rendered /home/miha/.rvm/gems/ruby-2.0.0-p247/gems/actionpack-4.0.0/lib/action_dispatch/middleware/templates/routes/_route.html.erb (1.6ms)
  Rendered /home/miha/.rvm/gems/ruby-2.0.0-p247/gems/actionpack-4.0.0/lib/action_dispatch/middleware/templates/routes/_table.html.erb (1.4ms)
  Rendered /home/miha/.rvm/gems/ruby-2.0.0-p247/gems/actionpack-4.0.0/lib/action_dispatch/middleware/templates/rescues/routing_error.erb within rescues/layout (19.1ms)
